{"logTime": "0617/104513", "correlationVector":"Z9IwRNOXKD05ZzWloUBuT2.2","action":"GetUpdates Response", "result":"Success", "context":Received 0 update(s). cV=Z9IwRNOXKD05ZzWloUBuT2.0;server=akswtt11500002b;cloudType=Consumer;environment=Prod_francecentral_prod-s01-062-eur-francecentral;migrationStage=NotStarted}
{"logTime": "0617/104513", "correlationVector":"2qGS74sPNSbK2h8enVksBk","action":"Commit Request", "result":"", "context":Item count: 3
Contributing types: Sessions, Device Info}
{"logTime": "0617/104514", "correlationVector":"2qGS74sPNSbK2h8enVksBk.1","action":"SyncServerConnectionManagerRequest", "result":"SYNC_SERVER_OK", "context":{"environment":"Prod_westeurope_prod-s01-080-eur-westeurope", "migrationStage":"NotStarted", "server":"akswtt00200001r"}}
{"logTime": "0617/104514", "correlationVector":"2qGS74sPNSbK2h8enVksBk.2","action":"Commit Response", "result":"Success", "context":Result: Success. cV=2qGS74sPNSbK2h8enVksBk.0;server=akswtt00200001r;cloudType=Consumer;environment=Prod_westeurope_prod-s01-080-eur-westeurope;migrationStage=NotStarted}
{"logTime": "0617/104620", "correlationVector":"8nCIym+PdmqkbIbYEPRRkr","action":"Commit Request", "result":"", "context":Item count: 2
Contributing types: Sessions, History}
{"logTime": "0617/104621", "correlationVector":"8nCIym+PdmqkbIbYEPRRkr.1","action":"SyncServerConnectionManagerRequest", "result":"SYNC_SERVER_OK", "context":{"environment":"Prod_westeurope_prod-s01-080-eur-westeurope", "migrationStage":"NotStarted", "server":"akswtt00200004d"}}
{"logTime": "0617/104621", "correlationVector":"8nCIym+PdmqkbIbYEPRRkr.2","action":"Commit Response", "result":"Success", "context":Result: Success. cV=8nCIym+PdmqkbIbYEPRRkr.0;server=akswtt00200004d;cloudType=Consumer;environment=Prod_westeurope_prod-s01-080-eur-westeurope;migrationStage=NotStarted}
{"logTime": "0617/105052", "correlationVector":"RFC5aj9NbhnuEQhUj73PE3.1","action":"SyncServerConnectionManagerRequest", "result":"SYNC_SERVER_OK", "context":{"environment":"Prod_westeurope_prod-s01-080-eur-westeurope", "migrationStage":"NotStarted", "server":"akswtt00200003u"}}
{"logTime": "0617/105052", "correlationVector":"RFC5aj9NbhnuEQhUj73PE3.2","action":"ProcessGetUpdates", "result":"Done", "context":{"dataType":"Encryption Keys", "deleted":"0", "process_failed_to_decrypt":"0", "process_pending_decryption":"0", "process_success":"1", "total":"1"}}
{"logTime": "0617/105053", "correlationVector":"lVodw64SBFTeIMQMm3Lz5A","action":"SyncServerConnectionManagerRequest", "result":"SYNC_SERVER_OK", "context":{"environment":"", "migrationStage":"", "server":""}}
{"logTime": "0617/105053", "correlationVector":"lVodw64SBFTeIMQMm3Lz5A.0","action":"EncryptionKeysFetcher.DownloadKeys:", "result":"Success", "context":Key count: 2, Last key timestamp: 2026-01-31T22:52:34Z}
{"logTime": "0617/105053", "correlationVector":"lVodw64SBFTeIMQMm3Lz5A.1","action":"EncryptionKeysManager::SetEncryptionKeys:", "result":"Success", "context":Key names[2]:[ntGOwqiIUvlZenPX0DsRIq6+7qfFBj9hn7j+p6mMd9yaKfCTtnRlZVqkpnt0FWIPfNNXWZo90mBBG7PKwqvcFg==][RkUHbEqhnkShbomKjx06jeij47dT2KhPMPLyxS3A3YknIqKJv56R+haepiiPHdQ1ipyrZ45FV2tx3PaHAtpg/A==]}
{"logTime": "0617/105053", "correlationVector":"lVodw64SBFTeIMQMm3Lz5A.2","action":"EncryptionKeysManager::SetEncryptionKeysWithTimestamps:", "result":"Success", "context":Key timestamps[2]:[2025-08-03T12:55:54Z][2026-01-31T22:52:34Z]}
{"logTime": "0617/105053", "correlationVector":"RFC5aj9NbhnuEQhUj73PE3","action":"Initial GetUpdates", "result":"", "context":Reason: NEW_CLIENT. cV=RFC5aj9NbhnuEQhUj73PE3}
{"logTime": "0617/105053", "correlationVector":"RFC5aj9NbhnuEQhUj73PE3.3","action":"GetUpdates Response", "result":"Success", "context":Received 1 update(s). cV=RFC5aj9NbhnuEQhUj73PE3.0;server=akswtt00200003u;cloudType=Consumer;environment=Prod_westeurope_prod-s01-080-eur-westeurope;migrationStage=NotStarted}
{"logTime": "0617/105053", "correlationVector":"2ARSIr3C/buUX1MJJu3KOv","action":"Initial GetUpdates", "result":"", "context":Reason: NEWLY_SUPPORTED_DATATYPE. cV=2ARSIr3C/buUX1MJJu3KOv}
{"logTime": "0617/105053", "correlationVector":"2ARSIr3C/buUX1MJJu3KOv.1","action":"SyncServerConnectionManagerRequest", "result":"SYNC_SERVER_OK", "context":{"environment":"Prod_westeurope_prod-s01-080-eur-westeurope", "migrationStage":"NotStarted", "server":"akswtt002000045"}}
{"logTime": "0617/105053", "correlationVector":"2ARSIr3C/buUX1MJJu3KOv.2","action":"ProcessGetUpdates", "result":"Done", "context":{"dataType":"Passwords", "deleted":"0", "process_failed_to_decrypt":"0", "process_pending_decryption":"0", "process_success":"18", "total":"18"}}
{"logTime": "0617/105053", "correlationVector":"2ARSIr3C/buUX1MJJu3KOv.3","action":"GetUpdates Response", "result":"Success", "context":Received 18 update(s). cV=2ARSIr3C/buUX1MJJu3KOv.0;server=akswtt002000045;cloudType=Consumer;environment=Prod_westeurope_prod-s01-080-eur-westeurope;migrationStage=NotStarted}
{"logTime": "0617/105053", "correlationVector":"CktovpwETshbp2jIonSQ3J","action":"Normal GetUpdate request", "result":"", "context":cV=CktovpwETshbp2jIonSQ3J
Nudged types: Sessions, Device Info, History
Refresh requested types: Bookmarks, Preferences, Passwords, Autofill Profiles, Autofill, Extensions, Sessions, Extension settings, History Delete Directives, Device Info, User Consents, Send Tab To Self, Web Apps, History, Saved Tab Group, WebAuthn Credentials, Edge E Drop, Edge Hub App Usage, Edge Wallet, Edge Workspace, Encryption Keys}
{"logTime": "0617/105054", "correlationVector":"CktovpwETshbp2jIonSQ3J.1","action":"SyncServerConnectionManagerRequest", "result":"SYNC_SERVER_OK", "context":{"environment":"Prod_francecentral_prod-s01-062-eur-francecentral", "migrationStage":"NotStarted", "server":"akswtt11500001w"}}
{"logTime": "0617/105054", "correlationVector":"CktovpwETshbp2jIonSQ3J.2","action":"ProcessGetUpdates", "result":"Done", "context":{"dataType":"Sessions", "deleted":"0", "process_failed_to_decrypt":"0", "process_pending_decryption":"0", "process_success":"2", "total":"2"}}
{"logTime": "0617/105054", "correlationVector":"CktovpwETshbp2jIonSQ3J.3","action":"ProcessGetUpdates", "result":"Done", "context":{"dataType":"Device Info", "deleted":"0", "process_failed_to_decrypt":"0", "process_pending_decryption":"0", "process_success":"1", "total":"1"}}
{"logTime": "0617/105054", "correlationVector":"CktovpwETshbp2jIonSQ3J.4","action":"ProcessGetUpdates", "result":"Done", "context":{"dataType":"History", "deleted":"0", "process_failed_to_decrypt":"0", "process_pending_decryption":"0", "process_success":"1", "total":"1"}}
{"logTime": "0617/105054", "correlationVector":"CktovpwETshbp2jIonSQ3J.5","action":"GetUpdates Response", "result":"Success", "context":Received 4 update(s). cV=CktovpwETshbp2jIonSQ3J.0;server=akswtt11500001w;cloudType=Consumer;environment=Prod_francecentral_prod-s01-062-eur-francecentral;migrationStage=NotStarted}
{"logTime": "0617/105054", "correlationVector":"SOFBs79DSFiSW32OsFSgOw","action":"Commit Request", "result":"", "context":Item count: 6
Contributing types: Sessions, Device Info, History}
{"logTime": "0617/105054", "correlationVector":"SOFBs79DSFiSW32OsFSgOw.1","action":"SyncServerConnectionManagerRequest", "result":"SYNC_SERVER_OK", "context":{"environment":"Prod_westeurope_prod-s01-080-eur-westeurope", "migrationStage":"NotStarted", "server":"akswtt00200001t"}}
{"logTime": "0617/105054", "correlationVector":"SOFBs79DSFiSW32OsFSgOw.2","action":"Commit Response", "result":"Success", "context":Result: Success. cV=SOFBs79DSFiSW32OsFSgOw.0;server=akswtt00200001t;cloudType=Consumer;environment=Prod_westeurope_prod-s01-080-eur-westeurope;migrationStage=NotStarted}
{"logTime": "0617/105157", "correlationVector":"GAsh5AlomXcmpyeg4suIX0","action":"Commit Request", "result":"", "context":Item count: 3
Contributing types: Sessions, History}
{"logTime": "0617/105158", "correlationVector":"GAsh5AlomXcmpyeg4suIX0.1","action":"SyncServerConnectionManagerRequest", "result":"SYNC_SERVER_OK", "context":{"environment":"Prod_westeurope_prod-s01-080-eur-westeurope", "migrationStage":"NotStarted", "server":"akswtt00200002q"}}
{"logTime": "0617/105158", "correlationVector":"GAsh5AlomXcmpyeg4suIX0.3","action":"Commit.Sessions", "result":"Success", "context":{"id":"76cbe815-5d36-4cef-ac7d-da9f2d7dfc81", "isDeleted":"true", "size":"0", "version":"1781693456324"}}
{"logTime": "0617/105158", "correlationVector":"GAsh5AlomXcmpyeg4suIX0.2","action":"Commit Response", "result":"Success", "context":Result: Success. cV=GAsh5AlomXcmpyeg4suIX0.0;server=akswtt00200002q;cloudType=Consumer;environment=Prod_westeurope_prod-s01-080-eur-westeurope;migrationStage=NotStarted}
{"logTime": "0617/105356", "correlationVector":"DPDZbp8gNdHW4U1SgdUrVn.1","action":"SyncServerConnectionManagerRequest", "result":"SYNC_SERVER_OK", "context":{"environment":"Prod_westeurope_prod-s01-080-eur-westeurope", "migrationStage":"NotStarted", "server":"akswtt002000024"}}
{"logTime": "0617/105356", "correlationVector":"DPDZbp8gNdHW4U1SgdUrVn.2","action":"ProcessGetUpdates", "result":"Done", "context":{"dataType":"Encryption Keys", "deleted":"0", "process_failed_to_decrypt":"0", "process_pending_decryption":"0", "process_success":"1", "total":"1"}}
{"logTime": "0617/105357", "correlationVector":"MFkoN5dDrb6G8COmJGENnh","action":"SyncServerConnectionManagerRequest", "result":"SYNC_SERVER_OK", "context":{"environment":"", "migrationStage":"", "server":""}}
{"logTime": "0617/105357", "correlationVector":"MFkoN5dDrb6G8COmJGENnh.0","action":"EncryptionKeysFetcher.DownloadKeys:", "result":"Success", "context":Key count: 2, Last key timestamp: 2026-01-31T22:52:34Z}
{"logTime": "0617/105357", "correlationVector":"MFkoN5dDrb6G8COmJGENnh.1","action":"EncryptionKeysManager::SetEncryptionKeys:", "result":"Success", "context":Key names[2]:[ntGOwqiIUvlZenPX0DsRIq6+7qfFBj9hn7j+p6mMd9yaKfCTtnRlZVqkpnt0FWIPfNNXWZo90mBBG7PKwqvcFg==][RkUHbEqhnkShbomKjx06jeij47dT2KhPMPLyxS3A3YknIqKJv56R+haepiiPHdQ1ipyrZ45FV2tx3PaHAtpg/A==]}
{"logTime": "0617/105357", "correlationVector":"MFkoN5dDrb6G8COmJGENnh.2","action":"EncryptionKeysManager::SetEncryptionKeysWithTimestamps:", "result":"Success", "context":Key timestamps[2]:[2025-08-03T12:55:54Z][2026-01-31T22:52:34Z]}
{"logTime": "0617/105357", "correlationVector":"DPDZbp8gNdHW4U1SgdUrVn","action":"Initial GetUpdates", "result":"", "context":Reason: NEW_CLIENT. cV=DPDZbp8gNdHW4U1SgdUrVn}
{"logTime": "0617/105357", "correlationVector":"DPDZbp8gNdHW4U1SgdUrVn.3","action":"GetUpdates Response", "result":"Success", "context":Received 1 update(s). cV=DPDZbp8gNdHW4U1SgdUrVn.0;server=akswtt002000024;cloudType=Consumer;environment=Prod_westeurope_prod-s01-080-eur-westeurope;migrationStage=NotStarted}
{"logTime": "0617/105357", "correlationVector":"d6ui0kwcBh09DG8F0DIgfy","action":"Initial GetUpdates", "result":"", "context":Reason: NEWLY_SUPPORTED_DATATYPE. cV=d6ui0kwcBh09DG8F0DIgfy}
{"logTime": "0617/105358", "correlationVector":"d6ui0kwcBh09DG8F0DIgfy.1","action":"SyncServerConnectionManagerRequest", "result":"SYNC_SERVER_OK", "context":{"environment":"Prod_westeurope_prod-s01-080-eur-westeurope", "migrationStage":"NotStarted", "server":"akswtt00200002a"}}
{"logTime": "0617/105358", "correlationVector":"d6ui0kwcBh09DG8F0DIgfy.2","action":"ProcessGetUpdates", "result":"Done", "context":{"dataType":"Preferences", "deleted":"4", "process_failed_to_decrypt":"0", "process_pending_decryption":"0", "process_success":"72", "total":"72"}}
{"logTime": "0617/105358", "correlationVector":"d6ui0kwcBh09DG8F0DIgfy.3","action":"ProcessGetUpdates", "result":"Done", "context":{"dataType":"Passwords", "deleted":"0", "process_failed_to_decrypt":"0", "process_pending_decryption":"0", "process_success":"18", "total":"18"}}
{"logTime": "0617/105358", "correlationVector":"d6ui0kwcBh09DG8F0DIgfy.4","action":"ProcessGetUpdates", "result":"Done", "context":{"dataType":"Device Info", "deleted":"0", "process_failed_to_decrypt":"0", "process_pending_decryption":"0", "process_success":"22", "total":"22"}}
{"logTime": "0617/105358", "correlationVector":"d6ui0kwcBh09DG8F0DIgfy.5","action":"GetUpdates Response", "result":"Success", "context":Received 112 update(s). cV=d6ui0kwcBh09DG8F0DIgfy.0;server=akswtt00200002a;cloudType=Consumer;environment=Prod_westeurope_prod-s01-080-eur-westeurope;migrationStage=NotStarted}
{"logTime": "0617/105358", "correlationVector":"rFhk4q1vy4eUBDJY+JIqim","action":"Initial GetUpdates", "result":"", "context":Reason: NEWLY_SUPPORTED_DATATYPE. cV=rFhk4q1vy4eUBDJY+JIqim}
{"logTime": "0617/105358", "correlationVector":"rFhk4q1vy4eUBDJY+JIqim.1","action":"SyncServerConnectionManagerRequest", "result":"SYNC_SERVER_OK", "context":{"environment":"Prod_francecentral_prod-s01-062-eur-francecentral", "migrationStage":"NotStarted", "server":"akswtt11500002f"}}
{"logTime": "0617/105358", "correlationVector":"rFhk4q1vy4eUBDJY+JIqim.2","action":"ProcessGetUpdates", "result":"Done", "context":{"dataType":"Bookmarks", "deleted":"1", "process_failed_to_decrypt":"0", "process_pending_decryption":"0", "process_success":"11", "total":"11"}}
{"logTime": "0617/105358", "correlationVector":"rFhk4q1vy4eUBDJY+JIqim.3","action":"GetUpdates Response", "result":"Success", "context":Received 11 update(s). cV=rFhk4q1vy4eUBDJY+JIqim.0;server=akswtt11500002f;cloudType=Consumer;environment=Prod_francecentral_prod-s01-062-eur-francecentral;migrationStage=NotStarted}
{"logTime": "0617/105358", "correlationVector":"o5Gv22+3EiHc+Tod4ODhZi","action":"Initial GetUpdates", "result":"", "context":Reason: NEWLY_SUPPORTED_DATATYPE. cV=o5Gv22+3EiHc+Tod4ODhZi}
{"logTime": "0617/105359", "correlationVector":"o5Gv22+3EiHc+Tod4ODhZi.1","action":"SyncServerConnectionManagerRequest", "result":"SYNC_SERVER_OK", "context":{"environment":"Prod_westeurope_prod-s01-080-eur-westeurope", "migrationStage":"NotStarted", "server":"akswtt00200002h"}}
{"logTime": "0617/105359", "correlationVector":"o5Gv22+3EiHc+Tod4ODhZi.2","action":"ProcessGetUpdates", "result":"Done", "context":{"dataType":"Autofill Profiles", "deleted":"3", "process_failed_to_decrypt":"0", "process_pending_decryption":"0", "process_success":"9", "total":"9"}}
{"logTime": "0617/105359", "correlationVector":"o5Gv22+3EiHc+Tod4ODhZi.3","action":"ProcessGetUpdates", "result":"Done", "context":{"dataType":"Autofill", "deleted":"0", "process_failed_to_decrypt":"0", "process_pending_decryption":"0", "process_success":"172", "total":"172"}}
{"logTime": "0617/105359", "correlationVector":"o5Gv22+3EiHc+Tod4ODhZi.4","action":"ProcessGetUpdates", "result":"Done", "context":{"dataType":"Sessions", "deleted":"16", "process_failed_to_decrypt":"0", "process_pending_decryption":"0", "process_success":"43", "total":"43"}}
{"logTime": "0617/105359", "correlationVector":"o5Gv22+3EiHc+Tod4ODhZi.5","action":"GetUpdates Response", "result":"Success", "context":Received 224 update(s). cV=o5Gv22+3EiHc+Tod4ODhZi.0;server=akswtt00200002h;cloudType=Consumer;environment=Prod_westeurope_prod-s01-080-eur-westeurope;migrationStage=NotStarted}
{"logTime": "0617/105359", "correlationVector":"cbjtuL3IH7IZKgNSWPZqmU","action":"Initial GetUpdates", "result":"", "context":Reason: NEWLY_SUPPORTED_DATATYPE. cV=cbjtuL3IH7IZKgNSWPZqmU}
{"logTime": "0617/105400", "correlationVector":"cbjtuL3IH7IZKgNSWPZqmU.1","action":"SyncServerConnectionManagerRequest", "result":"SYNC_SERVER_OK", "context":{"environment":"Prod_westeurope_prod-s01-080-eur-westeurope", "migrationStage":"NotStarted", "server":"akswtt002000045"}}
{"logTime": "0617/105400", "correlationVector":"cbjtuL3IH7IZKgNSWPZqmU.2","action":"ProcessGetUpdates", "result":"Done", "context":{"dataType":"History", "deleted":"0", "process_failed_to_decrypt":"0", "process_pending_decryption":"0", "process_success":"153", "total":"153"}}
{"logTime": "0617/105400", "correlationVector":"cbjtuL3IH7IZKgNSWPZqmU.3","action":"GetUpdates Response", "result":"Success", "context":Received 153 update(s). cV=cbjtuL3IH7IZKgNSWPZqmU.0;server=akswtt002000045;cloudType=Consumer;environment=Prod_westeurope_prod-s01-080-eur-westeurope;migrationStage=NotStarted}
{"logTime": "0617/105400", "correlationVector":"M5jFcBpopcydx29O2kylvc","action":"Normal GetUpdate request", "result":"", "context":cV=M5jFcBpopcydx29O2kylvc
Nudged types: Sessions, Device Info
Refresh requested types: Bookmarks, Preferences, Passwords, Autofill Profiles, Autofill, Extensions, Sessions, Extension settings, History Delete Directives, Device Info, User Consents, Send Tab To Self, Web Apps, History, Saved Tab Group, WebAuthn Credentials, Edge E Drop, Edge Hub App Usage, Edge Wallet, Edge Workspace, Encryption Keys}
{"logTime": "0617/105400", "correlationVector":"M5jFcBpopcydx29O2kylvc.1","action":"SyncServerConnectionManagerRequest", "result":"SYNC_SERVER_OK", "context":{"environment":"Prod_westeurope_prod-s01-080-eur-westeurope", "migrationStage":"NotStarted", "server":"akswtt00200003t"}}
{"logTime": "0617/105400", "correlationVector":"M5jFcBpopcydx29O2kylvc.2","action":"GetUpdates Response", "result":"Success", "context":Received 0 update(s). cV=M5jFcBpopcydx29O2kylvc.0;server=akswtt00200003t;cloudType=Consumer;environment=Prod_westeurope_prod-s01-080-eur-westeurope;migrationStage=NotStarted}
{"logTime": "0617/105400", "correlationVector":"LovL0UB3b2ep2H5Nrt5wqL","action":"Commit Request", "result":"", "context":Item count: 3
Contributing types: Sessions, Device Info}
{"logTime": "0617/105401", "correlationVector":"LovL0UB3b2ep2H5Nrt5wqL.1","action":"SyncServerConnectionManagerRequest", "result":"SYNC_SERVER_OK", "context":{"environment":"Prod_westeurope_prod-s01-080-eur-westeurope", "migrationStage":"NotStarted", "server":"akswtt00200004g"}}
{"logTime": "0617/105401", "correlationVector":"LovL0UB3b2ep2H5Nrt5wqL.2","action":"Commit Response", "result":"Success", "context":Result: Success. cV=LovL0UB3b2ep2H5Nrt5wqL.0;server=akswtt00200004g;cloudType=Consumer;environment=Prod_westeurope_prod-s01-080-eur-westeurope;migrationStage=NotStarted}
{"logTime": "0617/105504", "correlationVector":"iU9o0jtklopxXdzhCMOT2T","action":"Commit Request", "result":"", "context":Item count: 2
Contributing types: Sessions, History}
{"logTime": "0617/105504", "correlationVector":"iU9o0jtklopxXdzhCMOT2T.1","action":"SyncServerConnectionManagerRequest", "result":"SYNC_SERVER_OK", "context":{"environment":"Prod_westeurope_prod-s01-080-eur-westeurope", "migrationStage":"NotStarted", "server":"akswtt00200001r"}}
{"logTime": "0617/105504", "correlationVector":"iU9o0jtklopxXdzhCMOT2T.2","action":"Commit Response", "result":"Success", "context":Result: Success. cV=iU9o0jtklopxXdzhCMOT2T.0;server=akswtt00200001r;cloudType=Consumer;environment=Prod_westeurope_prod-s01-080-eur-westeurope;migrationStage=NotStarted}
{"logTime": "0617/105648", "correlationVector":"XCpW1sG3i+Re73StM1Xeyd.1","action":"SyncServerConnectionManagerRequest", "result":"SYNC_SERVER_OK", "context":{"environment":"Prod_francecentral_prod-s01-062-eur-francecentral", "migrationStage":"NotStarted", "server":"akswtt11500002s"}}
{"logTime": "0617/105648", "correlationVector":"XCpW1sG3i+Re73StM1Xeyd.2","action":"ProcessGetUpdates", "result":"Done", "context":{"dataType":"Encryption Keys", "deleted":"0", "process_failed_to_decrypt":"0", "process_pending_decryption":"0", "process_success":"1", "total":"1"}}
{"logTime": "0617/105649", "correlationVector":"7jyvYOMMV5xqxXYDBhVwd2","action":"SyncServerConnectionManagerRequest", "result":"SYNC_SERVER_OK", "context":{"environment":"", "migrationStage":"", "server":""}}
{"logTime": "0617/105649", "correlationVector":"7jyvYOMMV5xqxXYDBhVwd2.0","action":"EncryptionKeysFetcher.DownloadKeys:", "result":"Success", "context":Key count: 2, Last key timestamp: 2026-01-31T22:52:34Z}
{"logTime": "0617/105649", "correlationVector":"7jyvYOMMV5xqxXYDBhVwd2.1","action":"EncryptionKeysManager::SetEncryptionKeys:", "result":"Success", "context":Key names[2]:[ntGOwqiIUvlZenPX0DsRIq6+7qfFBj9hn7j+p6mMd9yaKfCTtnRlZVqkpnt0FWIPfNNXWZo90mBBG7PKwqvcFg==][RkUHbEqhnkShbomKjx06jeij47dT2KhPMPLyxS3A3YknIqKJv56R+haepiiPHdQ1ipyrZ45FV2tx3PaHAtpg/A==]}
{"logTime": "0617/105649", "correlationVector":"7jyvYOMMV5xqxXYDBhVwd2.2","action":"EncryptionKeysManager::SetEncryptionKeysWithTimestamps:", "result":"Success", "context":Key timestamps[2]:[2025-08-03T12:55:54Z][2026-01-31T22:52:34Z]}
{"logTime": "0617/105649", "correlationVector":"XCpW1sG3i+Re73StM1Xeyd","action":"Initial GetUpdates", "result":"", "context":Reason: NEW_CLIENT. cV=XCpW1sG3i+Re73StM1Xeyd}
{"logTime": "0617/105649", "correlationVector":"XCpW1sG3i+Re73StM1Xeyd.3","action":"GetUpdates Response", "result":"Success", "context":Received 1 update(s). cV=XCpW1sG3i+Re73StM1Xeyd.0;server=akswtt11500002s;cloudType=Consumer;environment=Prod_francecentral_prod-s01-062-eur-francecentral;migrationStage=NotStarted}
{"logTime": "0617/105649", "correlationVector":"z2eTkTQ3o2BpPekuKRTF6I","action":"Initial GetUpdates", "result":"", "context":Reason: NEWLY_SUPPORTED_DATATYPE. cV=z2eTkTQ3o2BpPekuKRTF6I}
{"logTime": "0617/105650", "correlationVector":"z2eTkTQ3o2BpPekuKRTF6I.1","action":"SyncServerConnectionManagerRequest", "result":"SYNC_SERVER_OK", "context":{"environment":"Prod_westeurope_prod-s01-080-eur-westeurope", "migrationStage":"NotStarted", "server":"akswtt00200001g"}}
{"logTime": "0617/105650", "correlationVector":"z2eTkTQ3o2BpPekuKRTF6I.2","action":"ProcessGetUpdates", "result":"Done", "context":{"dataType":"Passwords", "deleted":"0", "process_failed_to_decrypt":"0", "process_pending_decryption":"0", "process_success":"18", "total":"18"}}
{"logTime": "0617/105650", "correlationVector":"z2eTkTQ3o2BpPekuKRTF6I.3","action":"GetUpdates Response", "result":"Success", "context":Received 18 update(s). cV=z2eTkTQ3o2BpPekuKRTF6I.0;server=akswtt00200001g;cloudType=Consumer;environment=Prod_westeurope_prod-s01-080-eur-westeurope;migrationStage=NotStarted}
{"logTime": "0617/105650", "correlationVector":"Hi7PVr/p174lwmlTh49vWx","action":"Normal GetUpdate request", "result":"", "context":cV=Hi7PVr/p174lwmlTh49vWx
Nudged types: Sessions, Device Info, History
Refresh requested types: Bookmarks, Preferences, Passwords, Autofill Profiles, Autofill, Extensions, Sessions, Extension settings, History Delete Directives, Device Info, User Consents, Send Tab To Self, Web Apps, History, Saved Tab Group, WebAuthn Credentials, Edge E Drop, Edge Hub App Usage, Edge Wallet, Edge Workspace, Encryption Keys}
{"logTime": "0617/105650", "correlationVector":"Hi7PVr/p174lwmlTh49vWx.1","action":"SyncServerConnectionManagerRequest", "result":"SYNC_SERVER_OK", "context":{"environment":"Prod_westeurope_prod-s01-080-eur-westeurope", "migrationStage":"NotStarted", "server":"akswtt00200002i"}}
{"logTime": "0617/105650", "correlationVector":"Hi7PVr/p174lwmlTh49vWx.2","action":"ProcessGetUpdates", "result":"Done", "context":{"dataType":"Sessions", "deleted":"0", "process_failed_to_decrypt":"0", "process_pending_decryption":"0", "process_success":"2", "total":"2"}}
{"logTime": "0617/105650", "correlationVector":"Hi7PVr/p174lwmlTh49vWx.3","action":"ProcessGetUpdates", "result":"Done", "context":{"dataType":"Device Info", "deleted":"0", "process_failed_to_decrypt":"0", "process_pending_decryption":"0", "process_success":"1", "total":"1"}}
{"logTime": "0617/105650", "correlationVector":"Hi7PVr/p174lwmlTh49vWx.4","action":"ProcessGetUpdates", "result":"Done", "context":{"dataType":"History", "deleted":"0", "process_failed_to_decrypt":"0", "process_pending_decryption":"0", "process_success":"1", "total":"1"}}
{"logTime": "0617/105650", "correlationVector":"Hi7PVr/p174lwmlTh49vWx.5","action":"GetUpdates Response", "result":"Success", "context":Received 4 update(s). cV=Hi7PVr/p174lwmlTh49vWx.0;server=akswtt00200002i;cloudType=Consumer;environment=Prod_westeurope_prod-s01-080-eur-westeurope;migrationStage=NotStarted}
{"logTime": "0617/105650", "correlationVector":"7QIPAHzVBz3BsqIPNbeWIL","action":"Commit Request", "result":"", "context":Item count: 6
Contributing types: Sessions, Device Info, History}
{"logTime": "0617/105651", "correlationVector":"7QIPAHzVBz3BsqIPNbeWIL.1","action":"SyncServerConnectionManagerRequest", "result":"SYNC_SERVER_OK", "context":{"environment":"Prod_westeurope_prod-s01-080-eur-westeurope", "migrationStage":"NotStarted", "server":"akswtt00200001w"}}
{"logTime": "0617/105651", "correlationVector":"7QIPAHzVBz3BsqIPNbeWIL.2","action":"Commit Response", "result":"Success", "context":Result: Success. cV=7QIPAHzVBz3BsqIPNbeWIL.0;server=akswtt00200001w;cloudType=Consumer;environment=Prod_westeurope_prod-s01-080-eur-westeurope;migrationStage=NotStarted}
{"logTime": "0617/105753", "correlationVector":"EOwvIsMSumVjj/zUcOeTpE","action":"Commit Request", "result":"", "context":Item count: 3
Contributing types: Sessions, History}
{"logTime": "0617/105754", "correlationVector":"EOwvIsMSumVjj/zUcOeTpE.1","action":"SyncServerConnectionManagerRequest", "result":"SYNC_SERVER_OK", "context":{"environment":"Prod_westeurope_prod-s01-080-eur-westeurope", "migrationStage":"NotStarted", "server":"akswtt00200001n"}}
{"logTime": "0617/105754", "correlationVector":"EOwvIsMSumVjj/zUcOeTpE.3","action":"Commit.Sessions", "result":"Success", "context":{"id":"bcdd2577-356d-47ee-967e-022b42f70c6d", "isDeleted":"true", "size":"0", "version":"1781693812990"}}
{"logTime": "0617/105754", "correlationVector":"EOwvIsMSumVjj/zUcOeTpE.2","action":"Commit Response", "result":"Success", "context":Result: Success. cV=EOwvIsMSumVjj/zUcOeTpE.0;server=akswtt00200001n;cloudType=Consumer;environment=Prod_westeurope_prod-s01-080-eur-westeurope;migrationStage=NotStarted}
{"logTime": "0617/110845", "correlationVector":"GaQlys3zABVPBJPMOyg0Wf.1","action":"SyncServerConnectionManagerRequest", "result":"SYNC_SERVER_OK", "context":{"environment":"Prod_westeurope_prod-s01-080-eur-westeurope", "migrationStage":"NotStarted", "server":"akswtt00200003s"}}
{"logTime": "0617/110845", "correlationVector":"GaQlys3zABVPBJPMOyg0Wf.2","action":"ProcessGetUpdates", "result":"Done", "context":{"dataType":"Encryption Keys", "deleted":"0", "process_failed_to_decrypt":"0", "process_pending_decryption":"0", "process_success":"1", "total":"1"}}
{"logTime": "0617/110846", "correlationVector":"w1JBh2AOTTW1meAwcrSvHX","action":"SyncServerConnectionManagerRequest", "result":"SYNC_SERVER_OK", "context":{"environment":"", "migrationStage":"", "server":""}}
{"logTime": "0617/110846", "correlationVector":"w1JBh2AOTTW1meAwcrSvHX.0","action":"EncryptionKeysFetcher.DownloadKeys:", "result":"Success", "context":Key count: 2, Last key timestamp: 2026-01-31T22:52:34Z}
{"logTime": "0617/110846", "correlationVector":"w1JBh2AOTTW1meAwcrSvHX.1","action":"EncryptionKeysManager::SetEncryptionKeys:", "result":"Success", "context":Key names[2]:[ntGOwqiIUvlZenPX0DsRIq6+7qfFBj9hn7j+p6mMd9yaKfCTtnRlZVqkpnt0FWIPfNNXWZo90mBBG7PKwqvcFg==][RkUHbEqhnkShbomKjx06jeij47dT2KhPMPLyxS3A3YknIqKJv56R+haepiiPHdQ1ipyrZ45FV2tx3PaHAtpg/A==]}
{"logTime": "0617/110846", "correlationVector":"w1JBh2AOTTW1meAwcrSvHX.2","action":"EncryptionKeysManager::SetEncryptionKeysWithTimestamps:", "result":"Success", "context":Key timestamps[2]:[2025-08-03T12:55:54Z][2026-01-31T22:52:34Z]}
{"logTime": "0617/110846", "correlationVector":"GaQlys3zABVPBJPMOyg0Wf","action":"Initial GetUpdates", "result":"", "context":Reason: NEW_CLIENT. cV=GaQlys3zABVPBJPMOyg0Wf}
{"logTime": "0617/110846", "correlationVector":"GaQlys3zABVPBJPMOyg0Wf.3","action":"GetUpdates Response", "result":"Success", "context":Received 1 update(s). cV=GaQlys3zABVPBJPMOyg0Wf.0;server=akswtt00200003s;cloudType=Consumer;environment=Prod_westeurope_prod-s01-080-eur-westeurope;migrationStage=NotStarted}
{"logTime": "0617/110846", "correlationVector":"mV9zfFhkJ/mAjRPUf5ewfL","action":"Initial GetUpdates", "result":"", "context":Reason: NEWLY_SUPPORTED_DATATYPE. cV=mV9zfFhkJ/mAjRPUf5ewfL}
{"logTime": "0617/110847", "correlationVector":"mV9zfFhkJ/mAjRPUf5ewfL.1","action":"SyncServerConnectionManagerRequest", "result":"SYNC_SERVER_OK", "context":{"environment":"Prod_francecentral_prod-s01-062-eur-francecentral", "migrationStage":"NotStarted", "server":"akswtt11500001w"}}
{"logTime": "0617/110847", "correlationVector":"mV9zfFhkJ/mAjRPUf5ewfL.2","action":"ProcessGetUpdates", "result":"Done", "context":{"dataType":"Preferences", "deleted":"4", "process_failed_to_decrypt":"0", "process_pending_decryption":"0", "process_success":"72", "total":"72"}}
{"logTime": "0617/110847", "correlationVector":"mV9zfFhkJ/mAjRPUf5ewfL.3","action":"ProcessGetUpdates", "result":"Done", "context":{"dataType":"Passwords", "deleted":"0", "process_failed_to_decrypt":"0", "process_pending_decryption":"0", "process_success":"18", "total":"18"}}
{"logTime": "0617/110847", "correlationVector":"mV9zfFhkJ/mAjRPUf5ewfL.4","action":"ProcessGetUpdates", "result":"Done", "context":{"dataType":"Device Info", "deleted":"0", "process_failed_to_decrypt":"0", "process_pending_decryption":"0", "process_success":"22", "total":"22"}}
{"logTime": "0617/110847", "correlationVector":"mV9zfFhkJ/mAjRPUf5ewfL.5","action":"GetUpdates Response", "result":"Success", "context":Received 112 update(s). cV=mV9zfFhkJ/mAjRPUf5ewfL.0;server=akswtt11500001w;cloudType=Consumer;environment=Prod_francecentral_prod-s01-062-eur-francecentral;migrationStage=NotStarted}
{"logTime": "0617/110847", "correlationVector":"+EReVcEz/LUmqLeBE9DUkl","action":"Initial GetUpdates", "result":"", "context":Reason: NEWLY_SUPPORTED_DATATYPE. cV=+EReVcEz/LUmqLeBE9DUkl}
{"logTime": "0617/110848", "correlationVector":"+EReVcEz/LUmqLeBE9DUkl.1","action":"SyncServerConnectionManagerRequest", "result":"SYNC_SERVER_OK", "context":{"environment":"Prod_francecentral_prod-s01-062-eur-francecentral", "migrationStage":"NotStarted", "server":"akswtt11500002u"}}
{"logTime": "0617/110848", "correlationVector":"+EReVcEz/LUmqLeBE9DUkl.2","action":"ProcessGetUpdates", "result":"Done", "context":{"dataType":"Bookmarks", "deleted":"1", "process_failed_to_decrypt":"0", "process_pending_decryption":"0", "process_success":"11", "total":"11"}}
{"logTime": "0617/110848", "correlationVector":"+EReVcEz/LUmqLeBE9DUkl.3","action":"GetUpdates Response", "result":"Success", "context":Received 11 update(s). cV=+EReVcEz/LUmqLeBE9DUkl.0;server=akswtt11500002u;cloudType=Consumer;environment=Prod_francecentral_prod-s01-062-eur-francecentral;migrationStage=NotStarted}
{"logTime": "0617/110848", "correlationVector":"S75qGzUzLewryQGpAQMHnA","action":"Initial GetUpdates", "result":"", "context":Reason: NEWLY_SUPPORTED_DATATYPE. cV=S75qGzUzLewryQGpAQMHnA}
{"logTime": "0617/110848", "correlationVector":"S75qGzUzLewryQGpAQMHnA.1","action":"SyncServerConnectionManagerRequest", "result":"SYNC_SERVER_OK", "context":{"environment":"Prod_westeurope_prod-s01-080-eur-westeurope", "migrationStage":"NotStarted", "server":"akswtt00200002i"}}
{"logTime": "0617/110848", "correlationVector":"S75qGzUzLewryQGpAQMHnA.2","action":"ProcessGetUpdates", "result":"Done", "context":{"dataType":"Autofill Profiles", "deleted":"3", "process_failed_to_decrypt":"0", "process_pending_decryption":"0", "process_success":"9", "total":"9"}}
{"logTime": "0617/110848", "correlationVector":"S75qGzUzLewryQGpAQMHnA.3","action":"ProcessGetUpdates", "result":"Done", "context":{"dataType":"Autofill", "deleted":"0", "process_failed_to_decrypt":"0", "process_pending_decryption":"0", "process_success":"172", "total":"172"}}
{"logTime": "0617/110848", "correlationVector":"S75qGzUzLewryQGpAQMHnA.4","action":"ProcessGetUpdates", "result":"Done", "context":{"dataType":"Sessions", "deleted":"17", "process_failed_to_decrypt":"0", "process_pending_decryption":"0", "process_success":"44", "total":"44"}}
{"logTime": "0617/110848", "correlationVector":"S75qGzUzLewryQGpAQMHnA.5","action":"GetUpdates Response", "result":"Success", "context":Received 225 update(s). cV=S75qGzUzLewryQGpAQMHnA.0;server=akswtt00200002i;cloudType=Consumer;environment=Prod_westeurope_prod-s01-080-eur-westeurope;migrationStage=NotStarted}
{"logTime": "0617/110848", "correlationVector":"KSKTfnZvDEdsToCbTNLJUs","action":"Initial GetUpdates", "result":"", "context":Reason: NEWLY_SUPPORTED_DATATYPE. cV=KSKTfnZvDEdsToCbTNLJUs}
{"logTime": "0617/110849", "correlationVector":"KSKTfnZvDEdsToCbTNLJUs.1","action":"SyncServerConnectionManagerRequest", "result":"SYNC_SERVER_OK", "context":{"environment":"Prod_francecentral_prod-s01-062-eur-francecentral", "migrationStage":"NotStarted", "server":"akswtt115000032"}}
{"logTime": "0617/110849", "correlationVector":"KSKTfnZvDEdsToCbTNLJUs.2","action":"ProcessGetUpdates", "result":"Done", "context":{"dataType":"History", "deleted":"0", "process_failed_to_decrypt":"0", "process_pending_decryption":"0", "process_success":"156", "total":"156"}}
{"logTime": "0617/110849", "correlationVector":"KSKTfnZvDEdsToCbTNLJUs.3","action":"GetUpdates Response", "result":"Success", "context":Received 156 update(s). cV=KSKTfnZvDEdsToCbTNLJUs.0;server=akswtt115000032;cloudType=Consumer;environment=Prod_francecentral_prod-s01-062-eur-francecentral;migrationStage=NotStarted}
{"logTime": "0617/110849", "correlationVector":"gcx8jaUqmMlbCpEYRTdXMx","action":"Normal GetUpdate request", "result":"", "context":cV=gcx8jaUqmMlbCpEYRTdXMx
Nudged types: Sessions, Device Info
Refresh requested types: Bookmarks, Preferences, Passwords, Autofill Profiles, Autofill, Extensions, Sessions, Extension settings, History Delete Directives, Device Info, User Consents, Send Tab To Self, Web Apps, History, Saved Tab Group, WebAuthn Credentials, Edge E Drop, Edge Hub App Usage, Edge Wallet, Edge Workspace, Encryption Keys}
{"logTime": "0617/110849", "correlationVector":"gcx8jaUqmMlbCpEYRTdXMx.1","action":"SyncServerConnectionManagerRequest", "result":"SYNC_SERVER_OK", "context":{"environment":"Prod_westeurope_prod-s01-080-eur-westeurope", "migrationStage":"NotStarted", "server":"akswtt00200004j"}}
{"logTime": "0617/110849", "correlationVector":"gcx8jaUqmMlbCpEYRTdXMx.2","action":"GetUpdates Response", "result":"Success", "context":Received 0 update(s). cV=gcx8jaUqmMlbCpEYRTdXMx.0;server=akswtt00200004j;cloudType=Consumer;environment=Prod_westeurope_prod-s01-080-eur-westeurope;migrationStage=NotStarted}
{"logTime": "0617/110849", "correlationVector":"dW7MbBx27UJ2cKHy8XxBmg","action":"DoCompareDataConsistency requsted types: ", "result":"Bookmarks, Preferences, Passwords, Extensions, Extension settings, History Delete Directives, Send Tab To Self, Web Apps, History, Saved Tab Group, WebAuthn Credentials, Edge E Drop, Edge Wallet, Edge Workspace, Encryption Keys"}
{"logTime": "0617/110849", "correlationVector":"dW7MbBx27UJ2cKHy8XxBmg.0","action":"CompareDataConsistency result: ", "result":"Compare result: Encryption Keys is consistent. local entities count is: 1 local entities hash is: NbWKYG8jozazGmSLp9VKjaSMLl0="}
{"logTime": "0617/110849", "correlationVector":"dW7MbBx27UJ2cKHy8XxBmg.1","action":"CompareDataConsistency result: ", "result":"Compare result: Bookmarks is consistent. local entities count is: 4 local entities hash is: BgGTQ/XFAr2j3xcZ5BksAJ/I4pw="}
{"logTime": "0617/110849", "correlationVector":"dW7MbBx27UJ2cKHy8XxBmg.2","action":"CompareDataConsistency result: ", "result":"Compare result: Preferences is consistent. local entities count is: 68 local entities hash is: NDV9USVcugrAcUgegRa8hJKSwow="}
{"logTime": "0617/110849", "correlationVector":"dW7MbBx27UJ2cKHy8XxBmg.3","action":"CompareDataConsistency result: ", "result":"Compare result: Extensions is consistent. local entities count is: 0 local entities hash is: "}
{"logTime": "0617/110849", "correlationVector":"dW7MbBx27UJ2cKHy8XxBmg.4","action":"CompareDataConsistency result: ", "result":"Compare result: Extension settings is consistent. local entities count is: 0 local entities hash is: "}
{"logTime": "0617/110849", "correlationVector":"dW7MbBx27UJ2cKHy8XxBmg.5","action":"CompareDataConsistency result: ", "result":"Compare result: History Delete Directives is consistent. local entities count is: 0 local entities hash is: "}
{"logTime": "0617/110849", "correlationVector":"dW7MbBx27UJ2cKHy8XxBmg.6","action":"CompareDataConsistency result: ", "result":"Server did not send this Send Tab To Self local entities count is: 0 local entities hash is: "}
{"logTime": "0617/110849", "correlationVector":"dW7MbBx27UJ2cKHy8XxBmg.7","action":"CompareDataConsistency result: ", "result":"Compare result: Web Apps is consistent. local entities count is: 0 local entities hash is: "}
{"logTime": "0617/110849", "correlationVector":"dW7MbBx27UJ2cKHy8XxBmg.8","action":"CompareDataConsistency result: ", "result":"Server did not send this History local entities count is: 0 local entities hash is: "}
{"logTime": "0617/110849", "correlationVector":"dW7MbBx27UJ2cKHy8XxBmg.9","action":"CompareDataConsistency result: ", "result":"Compare result: Saved Tab Group is consistent. local entities count is: 0 local entities hash is: "}
{"logTime": "0617/110849", "correlationVector":"dW7MbBx27UJ2cKHy8XxBmg.10","action":"CompareDataConsistency result: ", "result":"Server did not send this WebAuthn Credentials local entities count is: 0 local entities hash is: "}
{"logTime": "0617/110849", "correlationVector":"dW7MbBx27UJ2cKHy8XxBmg.11","action":"CompareDataConsistency result: ", "result":"Compare result: Edge E Drop is consistent. local entities count is: 0 local entities hash is: "}
{"logTime": "0617/110849", "correlationVector":"dW7MbBx27UJ2cKHy8XxBmg.12","action":"CompareDataConsistency result: ", "result":"Compare result: Edge Wallet is consistent. local entities count is: 0 local entities hash is: "}
{"logTime": "0617/110849", "correlationVector":"dW7MbBx27UJ2cKHy8XxBmg.13","action":"CompareDataConsistency result: ", "result":"Server did not send this Edge Workspace local entities count is: 0 local entities hash is: "}
{"logTime": "0617/110849", "correlationVector":"dW7MbBx27UJ2cKHy8XxBmg.14","action":"CompareDataConsistency result: ", "result":"Compare result: Passwords is consistent. local entities count is: 18 local entities hash is: 0WP+ORDJP8P6rZs5n4dK3/fCuF0="}
{"logTime": "0617/110850", "correlationVector":"1KneeeM3cUfgg1ZdKeKNsn","action":"Commit Request", "result":"", "context":Item count: 3
Contributing types: Sessions, Device Info}
{"logTime": "0617/110850", "correlationVector":"1KneeeM3cUfgg1ZdKeKNsn.1","action":"SyncServerConnectionManagerRequest", "result":"SYNC_SERVER_OK", "context":{"environment":"Prod_westeurope_prod-s01-080-eur-westeurope", "migrationStage":"NotStarted", "server":"akswtt002000047"}}
{"logTime": "0617/110850", "correlationVector":"1KneeeM3cUfgg1ZdKeKNsn.2","action":"Commit Response", "result":"Success", "context":Result: Success. cV=1KneeeM3cUfgg1ZdKeKNsn.0;server=akswtt002000047;cloudType=Consumer;environment=Prod_westeurope_prod-s01-080-eur-westeurope;migrationStage=NotStarted}
{"logTime": "0617/110850", "correlationVector":"","action":"DIAGNOSTIC_REQUEST|v1/diagnosticData/Diagnostic.SendCheckResult()|SUCCESS", "result":""}
{"logTime": "0617/110951", "correlationVector":"3ElsFQtsFd+bpHihPYp4qQ","action":"Commit Request", "result":"", "context":Item count: 2
Contributing types: Sessions, History}
{"logTime": "0617/110951", "correlationVector":"3ElsFQtsFd+bpHihPYp4qQ.1","action":"SyncServerConnectionManagerRequest", "result":"SYNC_SERVER_OK", "context":{"environment":"Prod_westeurope_prod-s01-080-eur-westeurope", "migrationStage":"NotStarted", "server":"akswtt00200003w"}}
{"logTime": "0617/110951", "correlationVector":"3ElsFQtsFd+bpHihPYp4qQ.2","action":"Commit Response", "result":"Success", "context":Result: Success. cV=3ElsFQtsFd+bpHihPYp4qQ.0;server=akswtt00200003w;cloudType=Consumer;environment=Prod_westeurope_prod-s01-080-eur-westeurope;migrationStage=NotStarted}
{"logTime": "0617/111317", "correlationVector":"QGnqQtX7/ufgIuyjNDX7Ju.1","action":"SyncServerConnectionManagerRequest", "result":"SYNC_SERVER_OK", "context":{"environment":"Prod_westeurope_prod-s01-080-eur-westeurope", "migrationStage":"NotStarted", "server":"akswtt002000049"}}
{"logTime": "0617/111317", "correlationVector":"QGnqQtX7/ufgIuyjNDX7Ju.2","action":"ProcessGetUpdates", "result":"Done", "context":{"dataType":"Encryption Keys", "deleted":"0", "process_failed_to_decrypt":"0", "process_pending_decryption":"0", "process_success":"1", "total":"1"}}
{"logTime": "0617/111318", "correlationVector":"GGeHIeMW/rk/JClDvMMm7x","action":"SyncServerConnectionManagerRequest", "result":"SYNC_SERVER_ERROR", "context":{"environment":"", "error_type":"http_status_code", "error_value":"400", "migrationStage":"", "server":""}}
{"logTime": "0617/111318", "correlationVector":"QGnqQtX7/ufgIuyjNDX7Ju","action":"Initial GetUpdates", "result":"", "context":Reason: NEW_CLIENT. cV=QGnqQtX7/ufgIuyjNDX7Ju}
{"logTime": "0617/111318", "correlationVector":"QGnqQtX7/ufgIuyjNDX7Ju.3","action":"GetUpdates Response", "result":"Success", "context":Received 1 update(s). cV=QGnqQtX7/ufgIuyjNDX7Ju.0;server=akswtt002000049;cloudType=Consumer;environment=Prod_westeurope_prod-s01-080-eur-westeurope;migrationStage=NotStarted}
{"logTime": "0617/111318", "correlationVector":"qzX8v3/ZbllKzWF5nF1zBH","action":"Normal GetUpdate request", "result":"", "context":cV=qzX8v3/ZbllKzWF5nF1zBH
Nudged types: Sessions, Device Info, History
Refresh requested types: Bookmarks, Preferences, Extensions, Sessions, Extension settings, History Delete Directives, Device Info, User Consents, Send Tab To Self, Web Apps, History, Saved Tab Group, WebAuthn Credentials, Edge E Drop, Edge Hub App Usage, Edge Wallet, Edge Workspace, Encryption Keys}
{"logTime": "0617/111318", "correlationVector":"qzX8v3/ZbllKzWF5nF1zBH.1","action":"SyncServerConnectionManagerRequest", "result":"SYNC_SERVER_OK", "context":{"environment":"Prod_westeurope_prod-s01-080-eur-westeurope", "migrationStage":"NotStarted", "server":"akswtt002000046"}}
{"logTime": "0617/111318", "correlationVector":"qzX8v3/ZbllKzWF5nF1zBH.2","action":"ProcessGetUpdates", "result":"Done", "context":{"dataType":"Sessions", "deleted":"0", "process_failed_to_decrypt":"0", "process_pending_decryption":"0", "process_success":"2", "total":"2"}}
{"logTime": "0617/111318", "correlationVector":"qzX8v3/ZbllKzWF5nF1zBH.3","action":"ProcessGetUpdates", "result":"Done", "context":{"dataType":"Device Info", "deleted":"0", "process_failed_to_decrypt":"0", "process_pending_decryption":"0", "process_success":"1", "total":"1"}}
{"logTime": "0617/111318", "correlationVector":"qzX8v3/ZbllKzWF5nF1zBH.4","action":"ProcessGetUpdates", "result":"Done", "context":{"dataType":"History", "deleted":"0", "process_failed_to_decrypt":"0", "process_pending_decryption":"0", "process_success":"1", "total":"1"}}
{"logTime": "0617/111318", "correlationVector":"qzX8v3/ZbllKzWF5nF1zBH.5","action":"GetUpdates Response", "result":"Success", "context":Received 4 update(s). cV=qzX8v3/ZbllKzWF5nF1zBH.0;server=akswtt002000046;cloudType=Consumer;environment=Prod_westeurope_prod-s01-080-eur-westeurope;migrationStage=NotStarted}
{"logTime": "0617/111319", "correlationVector":"fggTEMDPpOxNVyjZ9xDufG","action":"Commit Request", "result":"", "context":Item count: 5
Contributing types: Sessions, Device Info, History}
{"logTime": "0617/111319", "correlationVector":"fggTEMDPpOxNVyjZ9xDufG.1","action":"SyncServerConnectionManagerRequest", "result":"SYNC_SERVER_OK", "context":{"environment":"Prod_westeurope_prod-s01-080-eur-westeurope", "migrationStage":"NotStarted", "server":"akswtt00200001k"}}
{"logTime": "0617/111319", "correlationVector":"fggTEMDPpOxNVyjZ9xDufG.2","action":"Commit Response", "result":"Success", "context":Result: Success. cV=fggTEMDPpOxNVyjZ9xDufG.0;server=akswtt00200001k;cloudType=Consumer;environment=Prod_westeurope_prod-s01-080-eur-westeurope;migrationStage=NotStarted}
{"logTime": "0617/111319", "correlationVector":"fggTEMDPpOxNVyjZ9xDufG.3","action":"Commit.Sessions", "result":"Success", "context":{"id":"20a20baf-8b65-42e5-9848-91c521353ca9", "isDeleted":"true", "size":"0", "version":"1781694593428"}}
{"logTime": "0617/111320", "correlationVector":"OuLonOp/JSDFt/0ZeFdE7d","action":"SyncServerConnectionManagerRequest", "result":"SYNC_SERVER_ERROR", "context":{"environment":"", "error_type":"http_status_code", "error_value":"400", "migrationStage":"", "server":""}}
{"logTime": "0617/111320", "correlationVector":"Jor1ZACjcPOhwkg3vGabVw","action":"Normal GetUpdate request", "result":"", "context":cV=Jor1ZACjcPOhwkg3vGabVw
Nudged types: Sessions, Device Info, History
Refresh requested types: Encryption Keys}
{"logTime": "0617/111321", "correlationVector":"Jor1ZACjcPOhwkg3vGabVw.1","action":"SyncServerConnectionManagerRequest", "result":"SYNC_SERVER_OK", "context":{"environment":"Prod_francecentral_prod-s01-062-eur-francecentral", "migrationStage":"NotStarted", "server":"akswtt11500001o"}}
{"logTime": "0617/111321", "correlationVector":"Jor1ZACjcPOhwkg3vGabVw.2","action":"ProcessGetUpdates", "result":"Done", "context":{"dataType":"Sessions", "deleted":"1", "process_failed_to_decrypt":"0", "process_pending_decryption":"0", "process_success":"3", "total":"3"}}
{"logTime": "0617/111321", "correlationVector":"Jor1ZACjcPOhwkg3vGabVw.3","action":"ProcessGetUpdates", "result":"Done", "context":{"dataType":"Device Info", "deleted":"0", "process_failed_to_decrypt":"0", "process_pending_decryption":"0", "process_success":"1", "total":"1"}}
{"logTime": "0617/111321", "correlationVector":"Jor1ZACjcPOhwkg3vGabVw.4","action":"ProcessGetUpdates", "result":"Done", "context":{"dataType":"History", "deleted":"0", "process_failed_to_decrypt":"0", "process_pending_decryption":"0", "process_success":"1", "total":"1"}}
{"logTime": "0617/111321", "correlationVector":"Jor1ZACjcPOhwkg3vGabVw.5","action":"GetUpdates Response", "result":"Success", "context":Received 5 update(s). cV=Jor1ZACjcPOhwkg3vGabVw.0;server=akswtt11500001o;cloudType=Consumer;environment=Prod_francecentral_prod-s01-062-eur-francecentral;migrationStage=NotStarted}
{"logTime": "0617/111321", "correlationVector":"el+w+oCCikBSlynpZpREwp","action":"DoCompareDataConsistency requsted types: ", "result":"Bookmarks, Preferences, Extensions, Extension settings, History Delete Directives, Send Tab To Self, Web Apps, History, Saved Tab Group, WebAuthn Credentials, Edge E Drop, Edge Wallet, Edge Workspace, Encryption Keys"}
{"logTime": "0617/111321", "correlationVector":"el+w+oCCikBSlynpZpREwp.0","action":"CompareDataConsistency result: ", "result":"Compare result: Encryption Keys is consistent. local entities count is: 1 local entities hash is: NbWKYG8jozazGmSLp9VKjaSMLl0="}
{"logTime": "0617/111321", "correlationVector":"el+w+oCCikBSlynpZpREwp.1","action":"CompareDataConsistency result: ", "result":"Compare result: Bookmarks is consistent. local entities count is: 4 local entities hash is: BgGTQ/XFAr2j3xcZ5BksAJ/I4pw="}
{"logTime": "0617/111321", "correlationVector":"el+w+oCCikBSlynpZpREwp.2","action":"CompareDataConsistency result: ", "result":"Compare result: Preferences is consistent. local entities count is: 68 local entities hash is: NDV9USVcugrAcUgegRa8hJKSwow="}
{"logTime": "0617/111321", "correlationVector":"el+w+oCCikBSlynpZpREwp.3","action":"CompareDataConsistency result: ", "result":"Compare result: Extensions is consistent. local entities count is: 0 local entities hash is: "}
{"logTime": "0617/111321", "correlationVector":"el+w+oCCikBSlynpZpREwp.4","action":"CompareDataConsistency result: ", "result":"Compare result: Extension settings is consistent. local entities count is: 0 local entities hash is: "}
{"logTime": "0617/111321", "correlationVector":"el+w+oCCikBSlynpZpREwp.5","action":"CompareDataConsistency result: ", "result":"Compare result: History Delete Directives is consistent. local entities count is: 0 local entities hash is: "}
{"logTime": "0617/111321", "correlationVector":"el+w+oCCikBSlynpZpREwp.6","action":"CompareDataConsistency result: ", "result":"Server did not send this Send Tab To Self local entities count is: 0 local entities hash is: "}
{"logTime": "0617/111321", "correlationVector":"el+w+oCCikBSlynpZpREwp.7","action":"CompareDataConsistency result: ", "result":"Compare result: Web Apps is consistent. local entities count is: 0 local entities hash is: "}
{"logTime": "0617/111321", "correlationVector":"el+w+oCCikBSlynpZpREwp.8","action":"CompareDataConsistency result: ", "result":"Server did not send this History local entities count is: 0 local entities hash is: "}
{"logTime": "0617/111321", "correlationVector":"el+w+oCCikBSlynpZpREwp.9","action":"CompareDataConsistency result: ", "result":"Compare result: Saved Tab Group is consistent. local entities count is: 0 local entities hash is: "}
{"logTime": "0617/111321", "correlationVector":"el+w+oCCikBSlynpZpREwp.10","action":"CompareDataConsistency result: ", "result":"Server did not send this WebAuthn Credentials local entities count is: 0 local entities hash is: "}
{"logTime": "0617/111321", "correlationVector":"el+w+oCCikBSlynpZpREwp.11","action":"CompareDataConsistency result: ", "result":"Compare result: Edge E Drop is consistent. local entities count is: 0 local entities hash is: "}
{"logTime": "0617/111321", "correlationVector":"el+w+oCCikBSlynpZpREwp.12","action":"CompareDataConsistency result: ", "result":"Compare result: Edge Wallet is consistent. local entities count is: 0 local entities hash is: "}
{"logTime": "0617/111321", "correlationVector":"el+w+oCCikBSlynpZpREwp.13","action":"CompareDataConsistency result: ", "result":"Server did not send this Edge Workspace local entities count is: 0 local entities hash is: "}
{"logTime": "0617/111321", "correlationVector":"el+w+oCCikBSlynpZpREwp.14","action":"SyncServerConnectionManagerRequest", "result":"SYNC_SERVER_ERROR", "context":{"environment":"", "error_type":"http_status_code", "error_value":"400", "migrationStage":"", "server":""}}
{"logTime": "0617/111321", "correlationVector":"","action":"DIAGNOSTIC_REQUEST|v1/diagnosticData/Diagnostic.SendCheckResult()|SUCCESS", "result":""}
{"logTime": "0617/111322", "correlationVector":"jaEFVJfgc2QO4Ki+ijcLyn","action":"Normal GetUpdate request", "result":"", "context":cV=jaEFVJfgc2QO4Ki+ijcLyn
Refresh requested types: Encryption Keys}
{"logTime": "0617/111322", "correlationVector":"jaEFVJfgc2QO4Ki+ijcLyn.1","action":"SyncServerConnectionManagerRequest", "result":"SYNC_SERVER_OK", "context":{"environment":"Prod_westeurope_prod-s01-080-eur-westeurope", "migrationStage":"NotStarted", "server":"akswtt00200002b"}}
{"logTime": "0617/111322", "correlationVector":"jaEFVJfgc2QO4Ki+ijcLyn.2","action":"GetUpdates Response", "result":"Success", "context":Received 0 update(s). cV=jaEFVJfgc2QO4Ki+ijcLyn.0;server=akswtt00200002b;cloudType=Consumer;environment=Prod_westeurope_prod-s01-080-eur-westeurope;migrationStage=NotStarted}
{"logTime": "0617/111323", "correlationVector":"DXVXfgNPAGfAzU7IUI0ola","action":"SyncServerConnectionManagerRequest", "result":"SYNC_SERVER_ERROR", "context":{"environment":"", "error_type":"http_status_code", "error_value":"400", "migrationStage":"", "server":""}}
{"logTime": "0617/111323", "correlationVector":"bJQKAZT2KIeG2LuJRjQJy9","action":"Normal GetUpdate request", "result":"", "context":cV=bJQKAZT2KIeG2LuJRjQJy9
Refresh requested types: Encryption Keys}
{"logTime": "0617/111324", "correlationVector":"bJQKAZT2KIeG2LuJRjQJy9.1","action":"SyncServerConnectionManagerRequest", "result":"SYNC_SERVER_OK", "context":{"environment":"Prod_westeurope_prod-s01-080-eur-westeurope", "migrationStage":"NotStarted", "server":"akswtt00200002b"}}
{"logTime": "0617/111324", "correlationVector":"bJQKAZT2KIeG2LuJRjQJy9.2","action":"GetUpdates Response", "result":"Success", "context":Received 0 update(s). cV=bJQKAZT2KIeG2LuJRjQJy9.0;server=akswtt00200002b;cloudType=Consumer;environment=Prod_westeurope_prod-s01-080-eur-westeurope;migrationStage=NotStarted}
{"logTime": "0617/111324", "correlationVector":"I77AeFDpnXQjlOQBmb+39q","action":"Commit Request", "result":"", "context":Item count: 7
Contributing types: Sessions, History}
{"logTime": "0617/111325", "correlationVector":"I77AeFDpnXQjlOQBmb+39q.1","action":"SyncServerConnectionManagerRequest", "result":"SYNC_SERVER_OK", "context":{"environment":"Prod_westeurope_prod-s01-080-eur-westeurope", "migrationStage":"NotStarted", "server":"akswtt002000024"}}
{"logTime": "0617/111325", "correlationVector":"I77AeFDpnXQjlOQBmb+39q.2","action":"Commit Response", "result":"Success", "context":Result: Success. cV=I77AeFDpnXQjlOQBmb+39q.0;server=akswtt002000024;cloudType=Consumer;environment=Prod_westeurope_prod-s01-080-eur-westeurope;migrationStage=NotStarted}
{"logTime": "0617/111325", "correlationVector":"q/mMt/088tbRMPOH/Srhkj","action":"SyncServerConnectionManagerRequest", "result":"SYNC_SERVER_ERROR", "context":{"environment":"", "error_type":"http_status_code", "error_value":"400", "migrationStage":"", "server":""}}
{"logTime": "0617/111327", "correlationVector":"PfAKwSEDxVwJ+BOvgIU/19","action":"Normal GetUpdate request", "result":"", "context":cV=PfAKwSEDxVwJ+BOvgIU/19
Nudged types: Sessions, History
Refresh requested types: Encryption Keys}
{"logTime": "0617/111327", "correlationVector":"PfAKwSEDxVwJ+BOvgIU/19.1","action":"SyncServerConnectionManagerRequest", "result":"SYNC_SERVER_OK", "context":{"environment":"Prod_westeurope_prod-s01-080-eur-westeurope", "migrationStage":"NotStarted", "server":"akswtt00200003q"}}
{"logTime": "0617/111328", "correlationVector":"PfAKwSEDxVwJ+BOvgIU/19.2","action":"ProcessGetUpdates", "result":"Done", "context":{"dataType":"Sessions", "deleted":"0", "process_failed_to_decrypt":"0", "process_pending_decryption":"0", "process_success":"1", "total":"1"}}
{"logTime": "0617/111328", "correlationVector":"PfAKwSEDxVwJ+BOvgIU/19.3","action":"ProcessGetUpdates", "result":"Done", "context":{"dataType":"History", "deleted":"0", "process_failed_to_decrypt":"0", "process_pending_decryption":"0", "process_success":"6", "total":"6"}}
{"logTime": "0617/111328", "correlationVector":"PfAKwSEDxVwJ+BOvgIU/19.4","action":"GetUpdates Response", "result":"Success", "context":Received 7 update(s). cV=PfAKwSEDxVwJ+BOvgIU/19.0;server=akswtt00200003q;cloudType=Consumer;environment=Prod_westeurope_prod-s01-080-eur-westeurope;migrationStage=NotStarted}
{"logTime": "0617/111328", "correlationVector":"Y9Mi7l4GqlGI7HdkZnRbvX","action":"SyncServerConnectionManagerRequest", "result":"SYNC_SERVER_ERROR", "context":{"environment":"", "error_type":"http_status_code", "error_value":"400", "migrationStage":"", "server":""}}
{"logTime": "0617/111336", "correlationVector":"CH+S6H62VVXMdqFVAy1fHl","action":"Normal GetUpdate request", "result":"", "context":cV=CH+S6H62VVXMdqFVAy1fHl
Refresh requested types: Encryption Keys}
{"logTime": "0617/111337", "correlationVector":"CH+S6H62VVXMdqFVAy1fHl.1","action":"SyncServerConnectionManagerRequest", "result":"SYNC_SERVER_OK", "context":{"environment":"Prod_francecentral_prod-s01-062-eur-francecentral", "migrationStage":"NotStarted", "server":"akswtt115000032"}}
{"logTime": "0617/111337", "correlationVector":"CH+S6H62VVXMdqFVAy1fHl.2","action":"GetUpdates Response", "result":"Success", "context":Received 0 update(s). cV=CH+S6H62VVXMdqFVAy1fHl.0;server=akswtt115000032;cloudType=Consumer;environment=Prod_francecentral_prod-s01-062-eur-francecentral;migrationStage=NotStarted}
{"logTime": "0617/111337", "correlationVector":"3wofsvrqWLlQ3FiXMRpcN7","action":"SyncServerConnectionManagerRequest", "result":"SYNC_SERVER_ERROR", "context":{"environment":"", "error_type":"http_status_code", "error_value":"400", "migrationStage":"", "server":""}}
{"logTime": "0617/111353", "correlationVector":"j8fQiTNWFSTE2k4LkOEm9j","action":"Normal GetUpdate request", "result":"", "context":cV=j8fQiTNWFSTE2k4LkOEm9j
Refresh requested types: Encryption Keys}
{"logTime": "0617/111353", "correlationVector":"j8fQiTNWFSTE2k4LkOEm9j.1","action":"SyncServerConnectionManagerRequest", "result":"SYNC_SERVER_OK", "context":{"environment":"Prod_westeurope_prod-s01-080-eur-westeurope", "migrationStage":"NotStarted", "server":"akswtt00200004h"}}
{"logTime": "0617/111353", "correlationVector":"j8fQiTNWFSTE2k4LkOEm9j.2","action":"GetUpdates Response", "result":"Success", "context":Received 0 update(s). cV=j8fQiTNWFSTE2k4LkOEm9j.0;server=akswtt00200004h;cloudType=Consumer;environment=Prod_westeurope_prod-s01-080-eur-westeurope;migrationStage=NotStarted}
{"logTime": "0617/111354", "correlationVector":"B4fEnxsxhMF1U/2iwLi0RF","action":"SyncServerConnectionManagerRequest", "result":"SYNC_SERVER_OK", "context":{"environment":"", "migrationStage":"", "server":""}}
{"logTime": "0617/111354", "correlationVector":"B4fEnxsxhMF1U/2iwLi0RF.0","action":"EncryptionKeysFetcher.DownloadKeys:", "result":"Success", "context":Key count: 2, Last key timestamp: 2026-01-31T22:52:34Z}
{"logTime": "0617/111354", "correlationVector":"B4fEnxsxhMF1U/2iwLi0RF.1","action":"EncryptionKeysManager::SetEncryptionKeys:", "result":"Success", "context":Key names[2]:[ntGOwqiIUvlZenPX0DsRIq6+7qfFBj9hn7j+p6mMd9yaKfCTtnRlZVqkpnt0FWIPfNNXWZo90mBBG7PKwqvcFg==][RkUHbEqhnkShbomKjx06jeij47dT2KhPMPLyxS3A3YknIqKJv56R+haepiiPHdQ1ipyrZ45FV2tx3PaHAtpg/A==]}
{"logTime": "0617/111354", "correlationVector":"B4fEnxsxhMF1U/2iwLi0RF.2","action":"EncryptionKeysManager::SetEncryptionKeysWithTimestamps:", "result":"Success", "context":Key timestamps[2]:[2025-08-03T12:55:54Z][2026-01-31T22:52:34Z]}
{"logTime": "0617/111354", "correlationVector":"0ZYP3Id/bL20vnvNxtPQPz","action":"Initial GetUpdates", "result":"", "context":Reason: NEWLY_SUPPORTED_DATATYPE. cV=0ZYP3Id/bL20vnvNxtPQPz}
{"logTime": "0617/111354", "correlationVector":"0ZYP3Id/bL20vnvNxtPQPz.1","action":"SyncServerConnectionManagerRequest", "result":"SYNC_SERVER_OK", "context":{"environment":"Prod_westeurope_prod-s01-080-eur-westeurope", "migrationStage":"NotStarted", "server":"akswtt002000049"}}
{"logTime": "0617/111354", "correlationVector":"0ZYP3Id/bL20vnvNxtPQPz.2","action":"ProcessGetUpdates", "result":"Done", "context":{"dataType":"Passwords", "deleted":"0", "process_failed_to_decrypt":"0", "process_pending_decryption":"0", "process_success":"18", "total":"18"}}
{"logTime": "0617/111354", "correlationVector":"0ZYP3Id/bL20vnvNxtPQPz.3","action":"GetUpdates Response", "result":"Success", "context":Received 18 update(s). cV=0ZYP3Id/bL20vnvNxtPQPz.0;server=akswtt002000049;cloudType=Consumer;environment=Prod_westeurope_prod-s01-080-eur-westeurope;migrationStage=NotStarted}
{"logTime": "0617/111354", "correlationVector":"ovS/vc20p1lgKpxTIIF5QW","action":"Normal GetUpdate request", "result":"", "context":cV=ovS/vc20p1lgKpxTIIF5QW
Nudged types: Device Info
Refresh requested types: Bookmarks, Preferences, Passwords, Autofill Profiles, Autofill, Extensions, Sessions, Extension settings, History Delete Directives, Device Info, User Consents, Send Tab To Self, Web Apps, History, Saved Tab Group, WebAuthn Credentials, Edge E Drop, Edge Hub App Usage, Edge Wallet, Edge Workspace, Encryption Keys}
{"logTime": "0617/111354", "correlationVector":"ovS/vc20p1lgKpxTIIF5QW.1","action":"SyncServerConnectionManagerRequest", "result":"SYNC_SERVER_OK", "context":{"environment":"Prod_westeurope_prod-s01-080-eur-westeurope", "migrationStage":"NotStarted", "server":"akswtt00200003x"}}
{"logTime": "0617/111354", "correlationVector":"ovS/vc20p1lgKpxTIIF5QW.2","action":"GetUpdates Response", "result":"Success", "context":Received 0 update(s). cV=ovS/vc20p1lgKpxTIIF5QW.0;server=akswtt00200003x;cloudType=Consumer;environment=Prod_westeurope_prod-s01-080-eur-westeurope;migrationStage=NotStarted}
{"logTime": "0617/111354", "correlationVector":"ALom4/ZFnBgHdRHcxcu+Ii","action":"Commit Request", "result":"", "context":Item count: 1
Contributing types: Device Info}
{"logTime": "0617/111355", "correlationVector":"ALom4/ZFnBgHdRHcxcu+Ii.1","action":"SyncServerConnectionManagerRequest", "result":"SYNC_SERVER_OK", "context":{"environment":"Prod_francecentral_prod-s01-062-eur-francecentral", "migrationStage":"NotStarted", "server":"akswtt115000036"}}
{"logTime": "0617/111355", "correlationVector":"ALom4/ZFnBgHdRHcxcu+Ii.2","action":"Commit Response", "result":"Success", "context":Result: Success. cV=ALom4/ZFnBgHdRHcxcu+Ii.0;server=akswtt115000036;cloudType=Consumer;environment=Prod_francecentral_prod-s01-062-eur-francecentral;migrationStage=NotStarted}
{"logTime": "0617/112249", "correlationVector":"sthaqgsLIHaw3z8saiUfDS.1","action":"SyncServerConnectionManagerRequest", "result":"SYNC_SERVER_OK", "context":{"environment":"Prod_westeurope_prod-s01-080-eur-westeurope", "migrationStage":"NotStarted", "server":"akswtt002000047"}}
{"logTime": "0617/112249", "correlationVector":"sthaqgsLIHaw3z8saiUfDS.2","action":"ProcessGetUpdates", "result":"Done", "context":{"dataType":"Encryption Keys", "deleted":"0", "process_failed_to_decrypt":"0", "process_pending_decryption":"0", "process_success":"1", "total":"1"}}
{"logTime": "0617/112250", "correlationVector":"6G7z4IeGoL1HHzuZzdXToH","action":"SyncServerConnectionManagerRequest", "result":"SYNC_SERVER_OK", "context":{"environment":"", "migrationStage":"", "server":""}}
{"logTime": "0617/112250", "correlationVector":"6G7z4IeGoL1HHzuZzdXToH.0","action":"EncryptionKeysFetcher.DownloadKeys:", "result":"Success", "context":Key count: 2, Last key timestamp: 2026-01-31T22:52:34Z}
{"logTime": "0617/112250", "correlationVector":"6G7z4IeGoL1HHzuZzdXToH.1","action":"EncryptionKeysManager::SetEncryptionKeys:", "result":"Success", "context":Key names[2]:[ntGOwqiIUvlZenPX0DsRIq6+7qfFBj9hn7j+p6mMd9yaKfCTtnRlZVqkpnt0FWIPfNNXWZo90mBBG7PKwqvcFg==][RkUHbEqhnkShbomKjx06jeij47dT2KhPMPLyxS3A3YknIqKJv56R+haepiiPHdQ1ipyrZ45FV2tx3PaHAtpg/A==]}
{"logTime": "0617/112250", "correlationVector":"6G7z4IeGoL1HHzuZzdXToH.2","action":"EncryptionKeysManager::SetEncryptionKeysWithTimestamps:", "result":"Success", "context":Key timestamps[2]:[2025-08-03T12:55:54Z][2026-01-31T22:52:34Z]}
{"logTime": "0617/112250", "correlationVector":"sthaqgsLIHaw3z8saiUfDS","action":"Initial GetUpdates", "result":"", "context":Reason: NEW_CLIENT. cV=sthaqgsLIHaw3z8saiUfDS}
{"logTime": "0617/112250", "correlationVector":"sthaqgsLIHaw3z8saiUfDS.3","action":"GetUpdates Response", "result":"Success", "context":Received 1 update(s). cV=sthaqgsLIHaw3z8saiUfDS.0;server=akswtt002000047;cloudType=Consumer;environment=Prod_westeurope_prod-s01-080-eur-westeurope;migrationStage=NotStarted}
{"logTime": "0617/112250", "correlationVector":"/eKIFYLCckVd+UX4QemxsM","action":"Initial GetUpdates", "result":"", "context":Reason: NEWLY_SUPPORTED_DATATYPE. cV=/eKIFYLCckVd+UX4QemxsM}
{"logTime": "0617/112251", "correlationVector":"/eKIFYLCckVd+UX4QemxsM.1","action":"SyncServerConnectionManagerRequest", "result":"SYNC_SERVER_OK", "context":{"environment":"Prod_westeurope_prod-s01-080-eur-westeurope", "migrationStage":"NotStarted", "server":"akswtt00200003q"}}
{"logTime": "0617/112251", "correlationVector":"/eKIFYLCckVd+UX4QemxsM.2","action":"ProcessGetUpdates", "result":"Done", "context":{"dataType":"Preferences", "deleted":"4", "process_failed_to_decrypt":"0", "process_pending_decryption":"0", "process_success":"72", "total":"72"}}
{"logTime": "0617/112251", "correlationVector":"/eKIFYLCckVd+UX4QemxsM.3","action":"ProcessGetUpdates", "result":"Done", "context":{"dataType":"Passwords", "deleted":"0", "process_failed_to_decrypt":"0", "process_pending_decryption":"0", "process_success":"18", "total":"18"}}
{"logTime": "0617/112251", "correlationVector":"/eKIFYLCckVd+UX4QemxsM.4","action":"ProcessGetUpdates", "result":"Done", "context":{"dataType":"Device Info", "deleted":"0", "process_failed_to_decrypt":"0", "process_pending_decryption":"0", "process_success":"23", "total":"23"}}
{"logTime": "0617/112251", "correlationVector":"/eKIFYLCckVd+UX4QemxsM.5","action":"GetUpdates Response", "result":"Success", "context":Received 113 update(s). cV=/eKIFYLCckVd+UX4QemxsM.0;server=akswtt00200003q;cloudType=Consumer;environment=Prod_westeurope_prod-s01-080-eur-westeurope;migrationStage=NotStarted}
{"logTime": "0617/112251", "correlationVector":"ll0f6w5eASwm5tBUbFM8Uw","action":"Initial GetUpdates", "result":"", "context":Reason: NEWLY_SUPPORTED_DATATYPE. cV=ll0f6w5eASwm5tBUbFM8Uw}
{"logTime": "0617/112252", "correlationVector":"ll0f6w5eASwm5tBUbFM8Uw.1","action":"SyncServerConnectionManagerRequest", "result":"SYNC_SERVER_OK", "context":{"environment":"Prod_westeurope_prod-s01-080-eur-westeurope", "migrationStage":"NotStarted", "server":"akswtt00200004f"}}
{"logTime": "0617/112252", "correlationVector":"ll0f6w5eASwm5tBUbFM8Uw.2","action":"ProcessGetUpdates", "result":"Done", "context":{"dataType":"Bookmarks", "deleted":"1", "process_failed_to_decrypt":"0", "process_pending_decryption":"0", "process_success":"11", "total":"11"}}
{"logTime": "0617/112252", "correlationVector":"ll0f6w5eASwm5tBUbFM8Uw.3","action":"GetUpdates Response", "result":"Success", "context":Received 11 update(s). cV=ll0f6w5eASwm5tBUbFM8Uw.0;server=akswtt00200004f;cloudType=Consumer;environment=Prod_westeurope_prod-s01-080-eur-westeurope;migrationStage=NotStarted}
{"logTime": "0617/112252", "correlationVector":"tQF4Ri3JkhD7fsL1r4Un+X","action":"Initial GetUpdates", "result":"", "context":Reason: NEWLY_SUPPORTED_DATATYPE. cV=tQF4Ri3JkhD7fsL1r4Un+X}
{"logTime": "0617/112252", "correlationVector":"tQF4Ri3JkhD7fsL1r4Un+X.1","action":"SyncServerConnectionManagerRequest", "result":"SYNC_SERVER_OK", "context":{"environment":"Prod_westeurope_prod-s01-080-eur-westeurope", "migrationStage":"NotStarted", "server":"akswtt00200003u"}}
{"logTime": "0617/112252", "correlationVector":"tQF4Ri3JkhD7fsL1r4Un+X.2","action":"ProcessGetUpdates", "result":"Done", "context":{"dataType":"Autofill Profiles", "deleted":"3", "process_failed_to_decrypt":"0", "process_pending_decryption":"0", "process_success":"9", "total":"9"}}
{"logTime": "0617/112252", "correlationVector":"tQF4Ri3JkhD7fsL1r4Un+X.3","action":"ProcessGetUpdates", "result":"Done", "context":{"dataType":"Autofill", "deleted":"0", "process_failed_to_decrypt":"0", "process_pending_decryption":"0", "process_success":"172", "total":"172"}}
{"logTime": "0617/112252", "correlationVector":"tQF4Ri3JkhD7fsL1r4Un+X.4","action":"ProcessGetUpdates", "result":"Done", "context":{"dataType":"Sessions", "deleted":"18", "process_failed_to_decrypt":"0", "process_pending_decryption":"0", "process_success":"47", "total":"47"}}
{"logTime": "0617/112252", "correlationVector":"tQF4Ri3JkhD7fsL1r4Un+X.5","action":"GetUpdates Response", "result":"Success", "context":Received 228 update(s). cV=tQF4Ri3JkhD7fsL1r4Un+X.0;server=akswtt00200003u;cloudType=Consumer;environment=Prod_westeurope_prod-s01-080-eur-westeurope;migrationStage=NotStarted}
{"logTime": "0617/112252", "correlationVector":"Fj5R8bhb6QkjEfqeCFM9mK","action":"Initial GetUpdates", "result":"", "context":Reason: NEWLY_SUPPORTED_DATATYPE. cV=Fj5R8bhb6QkjEfqeCFM9mK}
{"logTime": "0617/112253", "correlationVector":"Fj5R8bhb6QkjEfqeCFM9mK.1","action":"SyncServerConnectionManagerRequest", "result":"SYNC_SERVER_OK", "context":{"environment":"Prod_westeurope_prod-s01-080-eur-westeurope", "migrationStage":"NotStarted", "server":"akswtt00200001k"}}
{"logTime": "0617/112253", "correlationVector":"Fj5R8bhb6QkjEfqeCFM9mK.2","action":"ProcessGetUpdates", "result":"Done", "context":{"dataType":"History", "deleted":"0", "process_failed_to_decrypt":"0", "process_pending_decryption":"0", "process_success":"163", "total":"163"}}
{"logTime": "0617/112253", "correlationVector":"Fj5R8bhb6QkjEfqeCFM9mK.3","action":"GetUpdates Response", "result":"Success", "context":Received 163 update(s). cV=Fj5R8bhb6QkjEfqeCFM9mK.0;server=akswtt00200001k;cloudType=Consumer;environment=Prod_westeurope_prod-s01-080-eur-westeurope;migrationStage=NotStarted}
{"logTime": "0617/112253", "correlationVector":"JTua5SKrUBXxWhe1DGA5WA","action":"Normal GetUpdate request", "result":"", "context":cV=JTua5SKrUBXxWhe1DGA5WA
Nudged types: Sessions, Device Info
Refresh requested types: Bookmarks, Preferences, Passwords, Autofill Profiles, Autofill, Extensions, Sessions, Extension settings, History Delete Directives, Device Info, User Consents, Send Tab To Self, Web Apps, History, Saved Tab Group, WebAuthn Credentials, Edge E Drop, Edge Hub App Usage, Edge Wallet, Edge Workspace, Encryption Keys}
{"logTime": "0617/112253", "correlationVector":"JTua5SKrUBXxWhe1DGA5WA.1","action":"SyncServerConnectionManagerRequest", "result":"SYNC_SERVER_OK", "context":{"environment":"Prod_westeurope_prod-s01-080-eur-westeurope", "migrationStage":"NotStarted", "server":"akswtt00200004h"}}
{"logTime": "0617/112253", "correlationVector":"JTua5SKrUBXxWhe1DGA5WA.2","action":"GetUpdates Response", "result":"Success", "context":Received 0 update(s). cV=JTua5SKrUBXxWhe1DGA5WA.0;server=akswtt00200004h;cloudType=Consumer;environment=Prod_westeurope_prod-s01-080-eur-westeurope;migrationStage=NotStarted}
{"logTime": "0617/112253", "correlationVector":"xGhnr34pgiGZib8Ad9VFv3","action":"Commit Request", "result":"", "context":Item count: 3
Contributing types: Sessions, Device Info}
{"logTime": "0617/112254", "correlationVector":"xGhnr34pgiGZib8Ad9VFv3.1","action":"SyncServerConnectionManagerRequest", "result":"SYNC_SERVER_OK", "context":{"environment":"Prod_westeurope_prod-s01-080-eur-westeurope", "migrationStage":"NotStarted", "server":"akswtt00200004a"}}
{"logTime": "0617/112254", "correlationVector":"xGhnr34pgiGZib8Ad9VFv3.2","action":"Commit Response", "result":"Success", "context":Result: Success. cV=xGhnr34pgiGZib8Ad9VFv3.0;server=akswtt00200004a;cloudType=Consumer;environment=Prod_westeurope_prod-s01-080-eur-westeurope;migrationStage=NotStarted}
{"logTime": "0617/112355", "correlationVector":"wj78ZFv7ulOxQ1ydW4MbKO","action":"Commit Request", "result":"", "context":Item count: 2
Contributing types: Sessions, History}
{"logTime": "0617/112356", "correlationVector":"wj78ZFv7ulOxQ1ydW4MbKO.1","action":"SyncServerConnectionManagerRequest", "result":"SYNC_SERVER_OK", "context":{"environment":"Prod_westeurope_prod-s01-080-eur-westeurope", "migrationStage":"NotStarted", "server":"akswtt00200004d"}}
{"logTime": "0617/112356", "correlationVector":"wj78ZFv7ulOxQ1ydW4MbKO.2","action":"Commit Response", "result":"Success", "context":Result: Success. cV=wj78ZFv7ulOxQ1ydW4MbKO.0;server=akswtt00200004d;cloudType=Consumer;environment=Prod_westeurope_prod-s01-080-eur-westeurope;migrationStage=NotStarted}
{"logTime": "0617/112606", "correlationVector":"tW5clRob5i8HyNcJ4NYIS1.1","action":"SyncServerConnectionManagerRequest", "result":"SYNC_SERVER_OK", "context":{"environment":"Prod_westeurope_prod-s01-080-eur-westeurope", "migrationStage":"NotStarted", "server":"akswtt00200004i"}}
{"logTime": "0617/112606", "correlationVector":"tW5clRob5i8HyNcJ4NYIS1.2","action":"ProcessGetUpdates", "result":"Done", "context":{"dataType":"Encryption Keys", "deleted":"0", "process_failed_to_decrypt":"0", "process_pending_decryption":"0", "process_success":"1", "total":"1"}}
{"logTime": "0617/112607", "correlationVector":"+gqjSeHZB+bYbKJbcP7C4L","action":"SyncServerConnectionManagerRequest", "result":"SYNC_SERVER_OK", "context":{"environment":"", "migrationStage":"", "server":""}}
{"logTime": "0617/112607", "correlationVector":"+gqjSeHZB+bYbKJbcP7C4L.0","action":"EncryptionKeysFetcher.DownloadKeys:", "result":"Success", "context":Key count: 2, Last key timestamp: 2026-01-31T22:52:34Z}
{"logTime": "0617/112608", "correlationVector":"+gqjSeHZB+bYbKJbcP7C4L.1","action":"EncryptionKeysManager::SetEncryptionKeys:", "result":"Success", "context":Key names[2]:[ntGOwqiIUvlZenPX0DsRIq6+7qfFBj9hn7j+p6mMd9yaKfCTtnRlZVqkpnt0FWIPfNNXWZo90mBBG7PKwqvcFg==][RkUHbEqhnkShbomKjx06jeij47dT2KhPMPLyxS3A3YknIqKJv56R+haepiiPHdQ1ipyrZ45FV2tx3PaHAtpg/A==]}
{"logTime": "0617/112608", "correlationVector":"+gqjSeHZB+bYbKJbcP7C4L.2","action":"EncryptionKeysManager::SetEncryptionKeysWithTimestamps:", "result":"Success", "context":Key timestamps[2]:[2025-08-03T12:55:54Z][2026-01-31T22:52:34Z]}
{"logTime": "0617/112608", "correlationVector":"tW5clRob5i8HyNcJ4NYIS1","action":"Initial GetUpdates", "result":"", "context":Reason: NEW_CLIENT. cV=tW5clRob5i8HyNcJ4NYIS1}
{"logTime": "0617/112608", "correlationVector":"tW5clRob5i8HyNcJ4NYIS1.3","action":"GetUpdates Response", "result":"Success", "context":Received 1 update(s). cV=tW5clRob5i8HyNcJ4NYIS1.0;server=akswtt00200004i;cloudType=Consumer;environment=Prod_westeurope_prod-s01-080-eur-westeurope;migrationStage=NotStarted}
{"logTime": "0617/112608", "correlationVector":"GlsDKUHSDLBrgOTaYjF37K","action":"Initial GetUpdates", "result":"", "context":Reason: NEWLY_SUPPORTED_DATATYPE. cV=GlsDKUHSDLBrgOTaYjF37K}
{"logTime": "0617/112608", "correlationVector":"GlsDKUHSDLBrgOTaYjF37K.1","action":"SyncServerConnectionManagerRequest", "result":"SYNC_SERVER_OK", "context":{"environment":"Prod_westeurope_prod-s01-080-eur-westeurope", "migrationStage":"NotStarted", "server":"akswtt00200003p"}}
{"logTime": "0617/112608", "correlationVector":"GlsDKUHSDLBrgOTaYjF37K.2","action":"ProcessGetUpdates", "result":"Done", "context":{"dataType":"Passwords", "deleted":"0", "process_failed_to_decrypt":"0", "process_pending_decryption":"0", "process_success":"18", "total":"18"}}
{"logTime": "0617/112608", "correlationVector":"GlsDKUHSDLBrgOTaYjF37K.3","action":"GetUpdates Response", "result":"Success", "context":Received 18 update(s). cV=GlsDKUHSDLBrgOTaYjF37K.0;server=akswtt00200003p;cloudType=Consumer;environment=Prod_westeurope_prod-s01-080-eur-westeurope;migrationStage=NotStarted}
{"logTime": "0617/112608", "correlationVector":"uwJNm64ptWNhUywMyJAm1y","action":"Normal GetUpdate request", "result":"", "context":cV=uwJNm64ptWNhUywMyJAm1y
Nudged types: Sessions, Device Info, History
Refresh requested types: Bookmarks, Preferences, Passwords, Autofill Profiles, Autofill, Extensions, Sessions, Extension settings, History Delete Directives, Device Info, User Consents, Send Tab To Self, Web Apps, History, Saved Tab Group, WebAuthn Credentials, Edge E Drop, Edge Hub App Usage, Edge Wallet, Edge Workspace, Encryption Keys}
{"logTime": "0617/112608", "correlationVector":"uwJNm64ptWNhUywMyJAm1y.1","action":"SyncServerConnectionManagerRequest", "result":"SYNC_SERVER_OK", "context":{"environment":"Prod_francecentral_prod-s01-062-eur-francecentral", "migrationStage":"NotStarted", "server":"akswtt11500001o"}}
{"logTime": "0617/112608", "correlationVector":"uwJNm64ptWNhUywMyJAm1y.2","action":"ProcessGetUpdates", "result":"Done", "context":{"dataType":"Sessions", "deleted":"0", "process_failed_to_decrypt":"0", "process_pending_decryption":"0", "process_success":"2", "total":"2"}}
{"logTime": "0617/112608", "correlationVector":"uwJNm64ptWNhUywMyJAm1y.3","action":"ProcessGetUpdates", "result":"Done", "context":{"dataType":"Device Info", "deleted":"0", "process_failed_to_decrypt":"0", "process_pending_decryption":"0", "process_success":"1", "total":"1"}}
{"logTime": "0617/112608", "correlationVector":"uwJNm64ptWNhUywMyJAm1y.4","action":"ProcessGetUpdates", "result":"Done", "context":{"dataType":"History", "deleted":"0", "process_failed_to_decrypt":"0", "process_pending_decryption":"0", "process_success":"1", "total":"1"}}
{"logTime": "0617/112608", "correlationVector":"uwJNm64ptWNhUywMyJAm1y.5","action":"GetUpdates Response", "result":"Success", "context":Received 4 update(s). cV=uwJNm64ptWNhUywMyJAm1y.0;server=akswtt11500001o;cloudType=Consumer;environment=Prod_francecentral_prod-s01-062-eur-francecentral;migrationStage=NotStarted}
{"logTime": "0617/112608", "correlationVector":"0kGpuiQqhM/1Y4j4FeGeda","action":"Commit Request", "result":"", "context":Item count: 5
Contributing types: Sessions, Device Info, History}
{"logTime": "0617/112609", "correlationVector":"0kGpuiQqhM/1Y4j4FeGeda.1","action":"SyncServerConnectionManagerRequest", "result":"SYNC_SERVER_OK", "context":{"environment":"Prod_westeurope_prod-s01-080-eur-westeurope", "migrationStage":"NotStarted", "server":"akswtt002000021"}}
{"logTime": "0617/112609", "correlationVector":"0kGpuiQqhM/1Y4j4FeGeda.2","action":"Commit Response", "result":"Success", "context":Result: Success. cV=0kGpuiQqhM/1Y4j4FeGeda.0;server=akswtt002000021;cloudType=Consumer;environment=Prod_westeurope_prod-s01-080-eur-westeurope;migrationStage=NotStarted}
{"logTime": "0617/112609", "correlationVector":"0kGpuiQqhM/1Y4j4FeGeda.3","action":"Commit.Sessions", "result":"Success", "context":{"id":"18772f0d-5ada-4108-90c1-e52d32071f2f", "isDeleted":"true", "size":"0", "version":"1781695438055"}}
{"logTime": "0617/112844", "correlationVector":"yKQMfePCk6yZ0kk7QETePu.1","action":"SyncServerConnectionManagerRequest", "result":"SYNC_SERVER_OK", "context":{"environment":"Prod_westeurope_prod-s01-080-eur-westeurope", "migrationStage":"NotStarted", "server":"akswtt002000024"}}
{"logTime": "0617/112844", "correlationVector":"yKQMfePCk6yZ0kk7QETePu.2","action":"ProcessGetUpdates", "result":"Done", "context":{"dataType":"Encryption Keys", "deleted":"0", "process_failed_to_decrypt":"0", "process_pending_decryption":"0", "process_success":"1", "total":"1"}}
{"logTime": "0617/112845", "correlationVector":"d96OmVBr/j8/XDwheRGbFa","action":"SyncServerConnectionManagerRequest", "result":"SYNC_SERVER_OK", "context":{"environment":"", "migrationStage":"", "server":""}}
{"logTime": "0617/112845", "correlationVector":"d96OmVBr/j8/XDwheRGbFa.0","action":"EncryptionKeysFetcher.DownloadKeys:", "result":"Success", "context":Key count: 2, Last key timestamp: 2026-01-31T22:52:34Z}
{"logTime": "0617/112845", "correlationVector":"d96OmVBr/j8/XDwheRGbFa.1","action":"EncryptionKeysManager::SetEncryptionKeys:", "result":"Success", "context":Key names[2]:[ntGOwqiIUvlZenPX0DsRIq6+7qfFBj9hn7j+p6mMd9yaKfCTtnRlZVqkpnt0FWIPfNNXWZo90mBBG7PKwqvcFg==][RkUHbEqhnkShbomKjx06jeij47dT2KhPMPLyxS3A3YknIqKJv56R+haepiiPHdQ1ipyrZ45FV2tx3PaHAtpg/A==]}
{"logTime": "0617/112845", "correlationVector":"d96OmVBr/j8/XDwheRGbFa.2","action":"EncryptionKeysManager::SetEncryptionKeysWithTimestamps:", "result":"Success", "context":Key timestamps[2]:[2025-08-03T12:55:54Z][2026-01-31T22:52:34Z]}
{"logTime": "0617/112845", "correlationVector":"yKQMfePCk6yZ0kk7QETePu","action":"Initial GetUpdates", "result":"", "context":Reason: NEW_CLIENT. cV=yKQMfePCk6yZ0kk7QETePu}
{"logTime": "0617/112845", "correlationVector":"yKQMfePCk6yZ0kk7QETePu.3","action":"GetUpdates Response", "result":"Success", "context":Received 1 update(s). cV=yKQMfePCk6yZ0kk7QETePu.0;server=akswtt002000024;cloudType=Consumer;environment=Prod_westeurope_prod-s01-080-eur-westeurope;migrationStage=NotStarted}
{"logTime": "0617/112845", "correlationVector":"x7QXt4WMdXtBYcVX7tvqXT","action":"Initial GetUpdates", "result":"", "context":Reason: NEWLY_SUPPORTED_DATATYPE. cV=x7QXt4WMdXtBYcVX7tvqXT}
{"logTime": "0617/112846", "correlationVector":"x7QXt4WMdXtBYcVX7tvqXT.1","action":"SyncServerConnectionManagerRequest", "result":"SYNC_SERVER_OK", "context":{"environment":"Prod_westeurope_prod-s01-080-eur-westeurope", "migrationStage":"NotStarted", "server":"akswtt00200004i"}}
{"logTime": "0617/112846", "correlationVector":"x7QXt4WMdXtBYcVX7tvqXT.2","action":"ProcessGetUpdates", "result":"Done", "context":{"dataType":"Preferences", "deleted":"4", "process_failed_to_decrypt":"0", "process_pending_decryption":"0", "process_success":"72", "total":"72"}}
{"logTime": "0617/112846", "correlationVector":"x7QXt4WMdXtBYcVX7tvqXT.3","action":"ProcessGetUpdates", "result":"Done", "context":{"dataType":"Passwords", "deleted":"0", "process_failed_to_decrypt":"0", "process_pending_decryption":"0", "process_success":"18", "total":"18"}}
{"logTime": "0617/112846", "correlationVector":"x7QXt4WMdXtBYcVX7tvqXT.4","action":"ProcessGetUpdates", "result":"Done", "context":{"dataType":"Device Info", "deleted":"0", "process_failed_to_decrypt":"0", "process_pending_decryption":"0", "process_success":"23", "total":"23"}}
{"logTime": "0617/112846", "correlationVector":"x7QXt4WMdXtBYcVX7tvqXT.5","action":"GetUpdates Response", "result":"Success", "context":Received 113 update(s). cV=x7QXt4WMdXtBYcVX7tvqXT.0;server=akswtt00200004i;cloudType=Consumer;environment=Prod_westeurope_prod-s01-080-eur-westeurope;migrationStage=NotStarted}
{"logTime": "0617/112846", "correlationVector":"8/gz6xCmMiLxflQTZRVjC6","action":"Initial GetUpdates", "result":"", "context":Reason: NEWLY_SUPPORTED_DATATYPE. cV=8/gz6xCmMiLxflQTZRVjC6}
{"logTime": "0617/112846", "correlationVector":"8/gz6xCmMiLxflQTZRVjC6.1","action":"SyncServerConnectionManagerRequest", "result":"SYNC_SERVER_OK", "context":{"environment":"Prod_westeurope_prod-s01-080-eur-westeurope", "migrationStage":"NotStarted", "server":"akswtt00200004k"}}
{"logTime": "0617/112846", "correlationVector":"8/gz6xCmMiLxflQTZRVjC6.2","action":"ProcessGetUpdates", "result":"Done", "context":{"dataType":"Bookmarks", "deleted":"1", "process_failed_to_decrypt":"0", "process_pending_decryption":"0", "process_success":"11", "total":"11"}}
{"logTime": "0617/112846", "correlationVector":"8/gz6xCmMiLxflQTZRVjC6.3","action":"GetUpdates Response", "result":"Success", "context":Received 11 update(s). cV=8/gz6xCmMiLxflQTZRVjC6.0;server=akswtt00200004k;cloudType=Consumer;environment=Prod_westeurope_prod-s01-080-eur-westeurope;migrationStage=NotStarted}
{"logTime": "0617/112846", "correlationVector":"Smfs4xN7JfaiuZXnsAOEsp","action":"Initial GetUpdates", "result":"", "context":Reason: NEWLY_SUPPORTED_DATATYPE. cV=Smfs4xN7JfaiuZXnsAOEsp}
{"logTime": "0617/112847", "correlationVector":"Smfs4xN7JfaiuZXnsAOEsp.1","action":"SyncServerConnectionManagerRequest", "result":"SYNC_SERVER_OK", "context":{"environment":"Prod_westeurope_prod-s01-080-eur-westeurope", "migrationStage":"NotStarted", "server":"akswtt00200004f"}}
{"logTime": "0617/112847", "correlationVector":"Smfs4xN7JfaiuZXnsAOEsp.2","action":"ProcessGetUpdates", "result":"Done", "context":{"dataType":"Autofill Profiles", "deleted":"3", "process_failed_to_decrypt":"0", "process_pending_decryption":"0", "process_success":"9", "total":"9"}}
{"logTime": "0617/112847", "correlationVector":"Smfs4xN7JfaiuZXnsAOEsp.3","action":"ProcessGetUpdates", "result":"Done", "context":{"dataType":"Autofill", "deleted":"0", "process_failed_to_decrypt":"0", "process_pending_decryption":"0", "process_success":"172", "total":"172"}}
{"logTime": "0617/112847", "correlationVector":"Smfs4xN7JfaiuZXnsAOEsp.4","action":"ProcessGetUpdates", "result":"Done", "context":{"dataType":"Sessions", "deleted":"19", "process_failed_to_decrypt":"0", "process_pending_decryption":"0", "process_success":"48", "total":"48"}}
{"logTime": "0617/112847", "correlationVector":"Smfs4xN7JfaiuZXnsAOEsp.5","action":"GetUpdates Response", "result":"Success", "context":Received 229 update(s). cV=Smfs4xN7JfaiuZXnsAOEsp.0;server=akswtt00200004f;cloudType=Consumer;environment=Prod_westeurope_prod-s01-080-eur-westeurope;migrationStage=NotStarted}
{"logTime": "0617/112847", "correlationVector":"LE45u/mEZuyyxHm4thmCvf","action":"Initial GetUpdates", "result":"", "context":Reason: NEWLY_SUPPORTED_DATATYPE. cV=LE45u/mEZuyyxHm4thmCvf}
{"logTime": "0617/112848", "correlationVector":"LE45u/mEZuyyxHm4thmCvf.1","action":"SyncServerConnectionManagerRequest", "result":"SYNC_SERVER_OK", "context":{"environment":"Prod_westeurope_prod-s01-080-eur-westeurope", "migrationStage":"NotStarted", "server":"akswtt002000023"}}
{"logTime": "0617/112848", "correlationVector":"LE45u/mEZuyyxHm4thmCvf.2","action":"ProcessGetUpdates", "result":"Done", "context":{"dataType":"History", "deleted":"0", "process_failed_to_decrypt":"0", "process_pending_decryption":"0", "process_success":"164", "total":"164"}}
{"logTime": "0617/112848", "correlationVector":"LE45u/mEZuyyxHm4thmCvf.3","action":"GetUpdates Response", "result":"Success", "context":Received 164 update(s). cV=LE45u/mEZuyyxHm4thmCvf.0;server=akswtt002000023;cloudType=Consumer;environment=Prod_westeurope_prod-s01-080-eur-westeurope;migrationStage=NotStarted}
{"logTime": "0617/112848", "correlationVector":"RzY7Axj7jglK1B+Hk9bduV","action":"Normal GetUpdate request", "result":"", "context":cV=RzY7Axj7jglK1B+Hk9bduV
Nudged types: Sessions, Device Info
Refresh requested types: Bookmarks, Preferences, Passwords, Autofill Profiles, Autofill, Extensions, Sessions, Extension settings, History Delete Directives, Device Info, User Consents, Send Tab To Self, Web Apps, History, Saved Tab Group, WebAuthn Credentials, Edge E Drop, Edge Hub App Usage, Edge Wallet, Edge Workspace, Encryption Keys}
{"logTime": "0617/112848", "correlationVector":"RzY7Axj7jglK1B+Hk9bduV.1","action":"SyncServerConnectionManagerRequest", "result":"SYNC_SERVER_OK", "context":{"environment":"Prod_westeurope_prod-s01-080-eur-westeurope", "migrationStage":"NotStarted", "server":"akswtt002000023"}}
{"logTime": "0617/112848", "correlationVector":"RzY7Axj7jglK1B+Hk9bduV.2","action":"GetUpdates Response", "result":"Success", "context":Received 0 update(s). cV=RzY7Axj7jglK1B+Hk9bduV.0;server=akswtt002000023;cloudType=Consumer;environment=Prod_westeurope_prod-s01-080-eur-westeurope;migrationStage=NotStarted}
{"logTime": "0617/112848", "correlationVector":"MDp3aMfF1IqhTXWZILBhT9","action":"Commit Request", "result":"", "context":Item count: 3
Contributing types: Sessions, Device Info}
{"logTime": "0617/112849", "correlationVector":"MDp3aMfF1IqhTXWZILBhT9.1","action":"SyncServerConnectionManagerRequest", "result":"SYNC_SERVER_OK", "context":{"environment":"Prod_westeurope_prod-s01-080-eur-westeurope", "migrationStage":"NotStarted", "server":"akswtt00200004f"}}
{"logTime": "0617/112849", "correlationVector":"MDp3aMfF1IqhTXWZILBhT9.2","action":"Commit Response", "result":"Success", "context":Result: Success. cV=MDp3aMfF1IqhTXWZILBhT9.0;server=akswtt00200004f;cloudType=Consumer;environment=Prod_westeurope_prod-s01-080-eur-westeurope;migrationStage=NotStarted}
{"logTime": "0617/112950", "correlationVector":"zzS6KzdzmR9yp95cdW4Kr7","action":"Commit Request", "result":"", "context":Item count: 2
Contributing types: Sessions, History}
{"logTime": "0617/112950", "correlationVector":"zzS6KzdzmR9yp95cdW4Kr7.1","action":"SyncServerConnectionManagerRequest", "result":"SYNC_SERVER_OK", "context":{"environment":"Prod_westeurope_prod-s01-080-eur-westeurope", "migrationStage":"NotStarted", "server":"akswtt00200003x"}}
{"logTime": "0617/112950", "correlationVector":"zzS6KzdzmR9yp95cdW4Kr7.2","action":"Commit Response", "result":"Success", "context":Result: Success. cV=zzS6KzdzmR9yp95cdW4Kr7.0;server=akswtt00200003x;cloudType=Consumer;environment=Prod_westeurope_prod-s01-080-eur-westeurope;migrationStage=NotStarted}
